Wed Aug 28 11:40:47 2019 - State was added (name: s11)
Wed Aug 28 11:40:50 2019 - State was added (name: s12)
Wed Aug 28 11:40:53 2019 - State was added (name: s13)
Wed Aug 28 11:41:05 2019 - Transition was added (name: , condition: , source: s13, destination: s11)
Wed Aug 28 11:41:05 2019 - Transition was added (name: , condition: , source: s11, destination: s12)
Wed Aug 28 11:41:06 2019 - Transition was added (name: , condition: , source: s12, destination: s13)
Wed Aug 28 11:41:07 2019 - Transition was added (name: , condition: , source: s13, destination: s12)
Wed Aug 28 11:41:08 2019 - Transition was added (name: , condition: , source: s12, destination: s11)
Wed Aug 28 11:41:09 2019 - Transition was added (name: , condition: , source: s11, destination: s13)
Wed Aug 28 11:41:42 2019 - Transition was updated (name: asf, condition: i1 < i2, source: s11, destination: s13)
Wed Aug 28 11:41:50 2019 - Transition was deleted (source: s11, destination: s13)
Wed Aug 28 11:41:51 2019 - Transition was deleted (source: s13, destination: s11)
Wed Aug 28 11:41:52 2019 - Transition was deleted (source: s12, destination: s11)
Wed Aug 28 11:41:53 2019 - Transition was deleted (source: s11, destination: s12)
Wed Aug 28 11:41:57 2019 - State was deleted (name: s11)
Wed Aug 28 11:42:00 2019 - State was deleted (name: s13)
Wed Aug 28 11:42:00 2019 - Transition was deleted (source: s13, destination: s12)
Wed Aug 28 11:42:00 2019 - Transition was deleted (source: s12, destination: s13)
Wed Aug 28 11:42:04 2019 - State was deleted (name: s12)
Wed Aug 28 13:18:32 2019 - State was added (name: s12)
Wed Aug 28 13:18:36 2019 - State was added (name: s13)
Wed Aug 28 13:18:40 2019 - Transition was added (name: , condition: , source: s12, destination: s13)
Wed Aug 28 13:18:41 2019 - Transition was added (name: , condition: , source: s13, destination: s12)
Wed Aug 28 13:18:48 2019 - Transition was deleted (source: s13, destination: s12)
Wed Aug 28 13:18:49 2019 - Transition was deleted (source: s12, destination: s13)
Wed Aug 28 13:18:51 2019 - State was deleted (name: s13)
Wed Aug 28 13:18:52 2019 - State was deleted (name: s12)
Wed Aug 28 13:18:58 2019 - State was added (name: s12)
Wed Aug 28 13:19:01 2019 - State was added (name: s13)
Wed Aug 28 13:19:15 2019 - Transition was added (name: , condition: , source: s13, destination: s12)
Wed Aug 28 13:19:26 2019 - Transition was updated (name: t1, condition: i1 < i2, source: s13, destination: s12)
Wed Aug 28 13:20:04 2019 - State was deleted (name: s12)
Wed Aug 28 13:20:04 2019 - Transition was deleted (source: s13, destination: s12)
Wed Aug 28 13:20:05 2019 - State was deleted (name: s13)
Wed Aug 28 13:59:16 2019 - State was added (name: s12)
Wed Aug 28 13:59:19 2019 - State was added (name: s13)
Wed Aug 28 13:59:23 2019 - Transition was added (name: , condition: , source: s12, destination: s13)
Wed Aug 28 14:54:49 2019 - State was deleted (name: s12)
Wed Aug 28 14:54:49 2019 - Transition was deleted (source: s12, destination: s13)
Wed Aug 28 14:54:49 2019 - State was deleted (name: s13)
Thu Aug 29 12:14:37 2019 - State was added (name: )
Thu Aug 29 12:14:41 2019 - State was added (name: s12)
Thu Aug 29 12:14:46 2019 - State was added (name: s13)
Thu Aug 29 13:12:47 2019 - State was deleted (name: s13)
Thu Aug 29 13:12:48 2019 - State was deleted (name: s12)
Thu Aug 29 13:12:56 2019 - State was added (name: s1)
Thu Aug 29 13:12:59 2019 - State was added (name: s2)
Thu Aug 29 13:13:02 2019 - State was added (name: s3)
Thu Aug 29 13:13:06 2019 - State was added (name: s4)
Thu Aug 29 13:13:10 2019 - State was added (name: s5)
Thu Aug 29 13:13:14 2019 - State was added (name: s6)
Thu Aug 29 13:51:09 2019 - State was deleted (name: s10)
Thu Aug 29 13:51:09 2019 - Transition was deleted (source: s10, destination: s4)
Thu Aug 29 13:51:09 2019 - Transition was deleted (source: s9, destination: s10)
Thu Aug 29 13:51:10 2019 - State was deleted (name: s7)
Thu Aug 29 13:51:10 2019 - Transition was deleted (source: s7, destination: s8)
Thu Aug 29 13:51:10 2019 - Transition was deleted (source: s6, destination: s7)
Thu Aug 29 13:51:10 2019 - State was deleted (name: s11)
Thu Aug 29 13:53:44 2019 - State was deleted (name: s11)
Thu Aug 29 14:04:33 2019 - State was added (name: s11)
Thu Aug 29 14:04:37 2019 - State was deleted (name: s11)
Thu Aug 29 14:17:08 2019 - State was added (name: s11)
Thu Aug 29 14:17:12 2019 - State was added (name: s12)
Thu Aug 29 14:17:15 2019 - Transition was added (name: , condition: , source: s11, destination: s12)
Thu Aug 29 14:17:16 2019 - Transition was added (name: , condition: , source: s12, destination: s11)
Thu Aug 29 14:17:22 2019 - Transition was deleted (source: s11, destination: s12)
Thu Aug 29 14:17:23 2019 - Transition was deleted (source: s12, destination: s11)
Thu Aug 29 14:17:24 2019 - State was deleted (name: s12)
Thu Aug 29 14:17:25 2019 - State was deleted (name: s11)
Thu Aug 29 14:18:53 2019 - State was deleted (name: s9)
Thu Aug 29 14:18:53 2019 - Transition was deleted (source: s8, destination: s9)
Thu Aug 29 14:18:53 2019 - Transition was deleted (source: s9, destination: s10)
Thu Aug 29 14:18:54 2019 - State was deleted (name: s8)
Thu Aug 29 14:18:54 2019 - Transition was deleted (source: s7, destination: s8)
Thu Aug 29 14:18:54 2019 - State was deleted (name: s7)
Thu Aug 29 14:18:54 2019 - Transition was deleted (source: s6, destination: s7)
Thu Aug 29 14:18:55 2019 - State was deleted (name: s6)
Thu Aug 29 14:18:55 2019 - Transition was deleted (source: s5, destination: s6)
Thu Aug 29 14:18:56 2019 - State was deleted (name: s5)
Thu Aug 29 14:18:56 2019 - Transition was deleted (source: s5, destination: s2)
Thu Aug 29 14:18:56 2019 - Transition was deleted (source: s1, destination: s5)
Thu Aug 29 14:21:28 2019 - State was deleted (name: s9)
Thu Aug 29 14:21:28 2019 - Transition was deleted (source: s8, destination: s9)
Thu Aug 29 14:21:28 2019 - Transition was deleted (source: s9, destination: s10)
Thu Aug 29 14:21:29 2019 - State was deleted (name: s10)
Thu Aug 29 14:21:29 2019 - Transition was deleted (source: s10, destination: s4)
Thu Aug 29 14:21:30 2019 - State was deleted (name: s8)
Thu Aug 29 14:21:30 2019 - Transition was deleted (source: s7, destination: s8)
Thu Aug 29 14:21:30 2019 - State was deleted (name: s7)
Thu Aug 29 14:21:30 2019 - Transition was deleted (source: s6, destination: s7)
Thu Aug 29 15:30:11 2019 - State was added (name: s11)
Thu Aug 29 15:30:32 2019 - State was deleted (name: s11)
Thu Aug 29 15:40:10 2019 - State was deleted (name: s7)
Thu Aug 29 15:40:10 2019 - Transition was deleted (source: s7, destination: s8)
Thu Aug 29 15:40:10 2019 - Transition was deleted (source: s6, destination: s7)
Thu Aug 29 15:40:11 2019 - State was deleted (name: s8)
Thu Aug 29 15:40:11 2019 - Transition was deleted (source: s8, destination: s9)
Thu Aug 29 15:40:11 2019 - State was deleted (name: s9)
Thu Aug 29 15:40:11 2019 - Transition was deleted (source: s9, destination: s10)
Thu Aug 29 15:40:55 2019 - State was deleted (name: s6)
Thu Aug 29 15:40:55 2019 - Transition was deleted (source: s5, destination: s6)
Thu Aug 29 15:40:55 2019 - Transition was deleted (source: s6, destination: s7)
Thu Aug 29 16:44:07 2019 - State was deleted (name: s7)
Thu Aug 29 16:44:07 2019 - Transition was deleted (source: s7, destination: s8)
Thu Aug 29 16:49:42 2019 - State was deleted (name: s7)
Thu Aug 29 16:49:42 2019 - Transition was deleted (source: s7, destination: s8)
Thu Aug 29 16:50:19 2019 - State was added (name: s11)
Thu Aug 29 16:51:44 2019 - State was added (name: s71)
Thu Aug 29 16:53:14 2019 - State was added (name: s12)
Thu Aug 29 16:53:22 2019 - State was deleted (name: s7)
Thu Aug 29 16:53:22 2019 - Transition was deleted (source: s7, destination: s8)
Thu Aug 29 16:53:22 2019 - State was deleted (name: s8)
Thu Aug 29 16:53:22 2019 - Transition was deleted (source: s8, destination: s9)
Thu Aug 29 16:53:23 2019 - State was deleted (name: s9)
Thu Aug 29 16:53:23 2019 - Transition was deleted (source: s9, destination: s10)
Thu Aug 29 16:53:24 2019 - State was deleted (name: s10)
Thu Aug 29 16:53:24 2019 - Transition was deleted (source: s10, destination: s4)
Thu Aug 29 16:54:19 2019 - State was deleted (name: s7)
Thu Aug 29 16:54:19 2019 - Transition was deleted (source: s7, destination: s8)
Thu Aug 29 16:54:20 2019 - State was deleted (name: s8)
Thu Aug 29 16:54:20 2019 - Transition was deleted (source: s8, destination: s9)
Thu Aug 29 16:54:21 2019 - State was deleted (name: s9)
Thu Aug 29 16:54:21 2019 - Transition was deleted (source: s9, destination: s10)
Thu Aug 29 16:54:22 2019 - State was deleted (name: s10)
Thu Aug 29 16:54:22 2019 - Transition was deleted (source: s10, destination: s4)
Fri Aug 30 08:43:25 2019 - Transition was added (name: t12, condition: i1<i2, source: s4, destination: s10)
Fri Aug 30 09:42:07 2019 - State was deleted (name: s8)
Fri Aug 30 09:42:07 2019 - Transition was deleted (source: s7, destination: s8)
Fri Aug 30 09:42:07 2019 - Transition was deleted (source: s8, destination: s9)
Fri Aug 30 09:42:08 2019 - State was deleted (name: s7)
Fri Aug 30 09:42:09 2019 - State was deleted (name: s9)
Fri Aug 30 09:42:09 2019 - Transition was deleted (source: s9, destination: s10)
Fri Aug 30 09:42:10 2019 - State was deleted (name: s1)
Fri Aug 30 09:42:10 2019 - Transition was deleted (source: s3, destination: s1)
Fri Aug 30 09:42:10 2019 - Transition was deleted (source: s1, destination: s5)
Fri Aug 30 09:42:10 2019 - Transition was deleted (source: s10, destination: s4)
Fri Aug 30 09:43:52 2019 - State was deleted (name: s7)
Fri Aug 30 09:43:52 2019 - Transition was deleted (source: s7, destination: s8)
Fri Aug 30 09:43:56 2019 - State was deleted (name: s5)
Fri Aug 30 09:43:56 2019 - Transition was deleted (source: s5, destination: s2)
Fri Aug 30 09:43:56 2019 - Transition was deleted (source: s1, destination: s5)
Fri Aug 30 09:43:57 2019 - State was deleted (name: s10)
Fri Aug 30 09:43:57 2019 - Transition was deleted (source: s10, destination: s4)
Fri Aug 30 09:43:57 2019 - Transition was deleted (source: s9, destination: s10)
Fri Aug 30 09:43:58 2019 - State was deleted (name: s3)
Fri Aug 30 09:43:58 2019 - Transition was deleted (source: s3, destination: s1)
Fri Aug 30 09:43:58 2019 - Transition was deleted (source: s2, destination: s3)
Fri Aug 30 09:44:10 2019 - State was deleted (name: s10)
Fri Aug 30 09:44:10 2019 - Transition was deleted (source: s10, destination: s4)
Fri Aug 30 09:44:10 2019 - Transition was deleted (source: s9, destination: s10)
Fri Aug 30 09:44:11 2019 - State was deleted (name: s7)
Fri Aug 30 09:44:11 2019 - Transition was deleted (source: s7, destination: s8)
Fri Aug 30 09:44:12 2019 - State was deleted (name: s5)
Fri Aug 30 09:44:12 2019 - Transition was deleted (source: s5, destination: s2)
Fri Aug 30 09:44:12 2019 - Transition was deleted (source: s1, destination: s5)
Fri Aug 30 09:45:47 2019 - State was added (name: s6)
Fri Aug 30 09:45:51 2019 - State was added (name: s11)
Fri Aug 30 09:45:54 2019 - State was added (name: s12)
Fri Aug 30 09:45:57 2019 - State was added (name: s13)
Fri Aug 30 09:46:01 2019 - Transition was added (name: , condition: , source: s6, destination: s2)
Fri Aug 30 09:46:02 2019 - Transition was added (name: , condition: , source: s13, destination: s12)
Fri Aug 30 09:46:03 2019 - Transition was added (name: , condition: , source: s12, destination: s11)
Fri Aug 30 09:46:04 2019 - Transition was added (name: , condition: , source: s11, destination: s6)
Fri Aug 30 09:46:05 2019 - Transition was added (name: , condition: , source: s13, destination: s6)
Fri Aug 30 09:46:06 2019 - Transition was added (name: , condition: , source: s12, destination: s6)
Fri Aug 30 09:46:08 2019 - Transition was added (name: , condition: , source: s13, destination: s2)
Fri Aug 30 09:46:09 2019 - Transition was added (name: , condition: , source: s13, destination: s9)
Fri Aug 30 09:46:11 2019 - Transition was added (name: , condition: , source: s13, destination: s8)
Fri Aug 30 09:55:59 2019 - State was deleted (name: s3)
Fri Aug 30 09:55:59 2019 - Transition was deleted (source: s3, destination: s1)
Fri Aug 30 09:55:59 2019 - Transition was deleted (source: s2, destination: s3)
Fri Aug 30 09:56:00 2019 - State was deleted (name: s5)
Fri Aug 30 09:56:00 2019 - Transition was deleted (source: s5, destination: s2)
Fri Aug 30 09:56:00 2019 - Transition was deleted (source: s1, destination: s5)
Fri Aug 30 09:56:00 2019 - State was deleted (name: s1)
Fri Aug 30 09:56:00 2019 - Transition was deleted (source: s13, destination: s12)
Fri Aug 30 09:56:00 2019 - Transition was deleted (source: s13, destination: s6)
Fri Aug 30 09:56:00 2019 - Transition was deleted (source: s12, destination: s6)
Fri Aug 30 09:56:00 2019 - Transition was deleted (source: s13, destination: s8)
Fri Aug 30 09:56:00 2019 - Transition was deleted (source: s13, destination: s9)
Fri Aug 30 09:56:00 2019 - Transition was deleted (source: s13, destination: s2)
Fri Aug 30 09:56:00 2019 - Transition was deleted (source: s9, destination: s10)
Fri Aug 30 09:56:00 2019 - Transition was deleted (source: s10, destination: s4)
Fri Aug 30 09:56:00 2019 - Transition was deleted (source: s12, destination: s11)
Fri Aug 30 09:56:00 2019 - Transition was deleted (source: s11, destination: s6)
Fri Aug 30 09:56:01 2019 - State was deleted (name: s2)
Fri Aug 30 09:56:01 2019 - Transition was deleted (source: s4, destination: s2)
Fri Aug 30 09:56:01 2019 - Transition was deleted (source: s6, destination: s2)
Fri Aug 30 09:56:01 2019 - Transition was deleted (source: s13, destination: s2)
Fri Aug 30 09:56:02 2019 - State was deleted (name: s4)
Fri Aug 30 09:56:02 2019 - Transition was deleted (source: s10, destination: s4)
Fri Aug 30 09:56:10 2019 - State was deleted (name: s2)
Fri Aug 30 09:56:10 2019 - Transition was deleted (source: s5, destination: s2)
Fri Aug 30 09:56:10 2019 - Transition was deleted (source: s4, destination: s2)
Fri Aug 30 09:56:10 2019 - Transition was deleted (source: s6, destination: s2)
Fri Aug 30 09:56:10 2019 - Transition was deleted (source: s13, destination: s2)
Fri Aug 30 09:56:10 2019 - Transition was deleted (source: s2, destination: s3)
Fri Aug 30 09:56:11 2019 - State was deleted (name: s3)
Fri Aug 30 09:56:11 2019 - Transition was deleted (source: s3, destination: s1)
Fri Aug 30 09:56:11 2019 - State was deleted (name: s1)
Fri Aug 30 09:56:11 2019 - Transition was deleted (source: s13, destination: s12)
Fri Aug 30 09:56:11 2019 - Transition was deleted (source: s12, destination: s11)
Fri Aug 30 09:56:11 2019 - Transition was deleted (source: s1, destination: s5)
Fri Aug 30 09:56:11 2019 - Transition was deleted (source: s12, destination: s6)
Fri Aug 30 09:56:11 2019 - Transition was deleted (source: s13, destination: s8)
Fri Aug 30 09:56:11 2019 - Transition was deleted (source: s13, destination: s9)
Fri Aug 30 09:56:11 2019 - Transition was deleted (source: s9, destination: s10)
Fri Aug 30 09:56:11 2019 - Transition was deleted (source: s10, destination: s4)
Fri Aug 30 09:56:11 2019 - Transition was deleted (source: s13, destination: s6)
Fri Aug 30 09:56:11 2019 - Transition was deleted (source: s11, destination: s6)
Fri Aug 30 09:56:12 2019 - State was deleted (name: s5)
Fri Aug 30 10:16:03 2019 - State was deleted (name: s7)
Fri Aug 30 10:16:03 2019 - Transition was deleted (source: s7, destination: s8)
Fri Aug 30 10:16:04 2019 - State was deleted (name: s3)
Fri Aug 30 10:16:04 2019 - Transition was deleted (source: s3, destination: s1)
Fri Aug 30 10:16:04 2019 - Transition was deleted (source: s2, destination: s3)
Fri Aug 30 10:16:05 2019 - State was deleted (name: s5)
Fri Aug 30 10:16:05 2019 - Transition was deleted (source: s5, destination: s2)
Fri Aug 30 10:16:05 2019 - Transition was deleted (source: s1, destination: s5)
Fri Aug 30 10:16:05 2019 - State was deleted (name: s1)
Fri Aug 30 10:16:05 2019 - Transition was deleted (source: s13, destination: s12)
Fri Aug 30 10:16:05 2019 - Transition was deleted (source: s12, destination: s11)
Fri Aug 30 10:16:05 2019 - Transition was deleted (source: s12, destination: s6)
Fri Aug 30 10:16:05 2019 - Transition was deleted (source: s13, destination: s8)
Fri Aug 30 10:16:05 2019 - Transition was deleted (source: s13, destination: s9)
Fri Aug 30 10:16:05 2019 - Transition was deleted (source: s13, destination: s2)
Fri Aug 30 10:16:05 2019 - Transition was deleted (source: s9, destination: s10)
Fri Aug 30 10:16:05 2019 - Transition was deleted (source: s10, destination: s4)
Fri Aug 30 10:16:05 2019 - Transition was deleted (source: s13, destination: s6)
Fri Aug 30 10:16:05 2019 - Transition was deleted (source: s11, destination: s6)
Fri Aug 30 10:23:05 2019 - State was deleted (name: s11)
Fri Aug 30 10:23:05 2019 - Transition was deleted (source: s12, destination: s11)
Fri Aug 30 10:23:05 2019 - Transition was deleted (source: s11, destination: s6)
Fri Aug 30 10:23:06 2019 - State was deleted (name: s8)
Fri Aug 30 10:23:06 2019 - Transition was deleted (source: s7, destination: s8)
Fri Aug 30 10:23:06 2019 - Transition was deleted (source: s13, destination: s8)
Fri Aug 30 10:23:06 2019 - Transition was deleted (source: s8, destination: s9)
Fri Aug 30 10:23:07 2019 - State was deleted (name: s13)
Fri Aug 30 10:23:07 2019 - Transition was deleted (source: s13, destination: s12)
Fri Aug 30 10:23:07 2019 - Transition was deleted (source: s13, destination: s6)
Fri Aug 30 10:23:07 2019 - Transition was deleted (source: s13, destination: s9)
Fri Aug 30 10:23:07 2019 - Transition was deleted (source: s13, destination: s2)
Fri Aug 30 10:23:07 2019 - State was deleted (name: s9)
Fri Aug 30 10:23:07 2019 - Transition was deleted (source: s9, destination: s10)
Fri Aug 30 10:37:01 2019 - State was added (name: s1)
Fri Aug 30 10:37:03 2019 - State was added (name: s2)
Fri Aug 30 10:37:06 2019 - State was added (name: s3)
Fri Aug 30 10:37:09 2019 - State was added (name: s4)
Fri Aug 30 10:37:11 2019 - State was added (name: s5)
Fri Aug 30 10:37:15 2019 - State was added (name: s6)
Fri Aug 30 10:37:19 2019 - Transition was added (name: , condition: , source: s1, destination: s2)
Fri Aug 30 10:37:20 2019 - Transition was added (name: , condition: , source: s2, destination: s3)
Fri Aug 30 10:37:21 2019 - Transition was added (name: , condition: , source: s3, destination: s6)
Fri Aug 30 10:37:22 2019 - Transition was added (name: , condition: , source: s6, destination: s5)
Fri Aug 30 10:37:23 2019 - Transition was added (name: , condition: , source: s5, destination: s4)
Fri Aug 30 10:37:25 2019 - Transition was added (name: , condition: , source: s4, destination: s1)
Fri Aug 30 10:37:39 2019 - Transition was updated (name: t1, condition: i1 < i2, source: s4, destination: s1)
Fri Aug 30 10:37:49 2019 - Transition was updated (name: t2, condition: i1 < i2, source: s1, destination: s2)
Fri Aug 30 10:38:01 2019 - Transition was updated (name: t3, condition: i1 < i2, source: s2, destination: s3)
Fri Aug 30 10:38:12 2019 - Transition was updated (name: t4, condition: i1 < i2, source: s3, destination: s6)
Fri Aug 30 10:38:20 2019 - Transition was updated (name: t5, condition: i1 < i2, source: s6, destination: s5)
Fri Aug 30 10:38:33 2019 - Transition was updated (name: t6, condition: i1 < i2, source: s5, destination: s4)
Fri Aug 30 11:02:52 2019 - State was deleted (name: s1)
Fri Aug 30 11:02:52 2019 - Transition was deleted (source: s1, destination: s2)
Fri Aug 30 11:02:52 2019 - Transition was deleted (source: s4, destination: s1)
Fri Aug 30 11:03:06 2019 - Transition was added (name: t1, condition: i1<i2, source: s4, destination: s2)
Fri Aug 30 13:07:31 2019 - State was added (name: s7)
Fri Aug 30 13:07:58 2019 - Transition was added (name: t7, condition: i1 < i2, source: s1, destination: s7)
Fri Aug 30 13:08:07 2019 - Transition was added (name: t8, condition: i1 < i2, source: s7, destination: s2)
Fri Aug 30 13:08:45 2019 - State was deleted (name: s7)
Fri Aug 30 13:08:45 2019 - Transition was deleted (source: s7, destination: s2)
Fri Aug 30 13:08:45 2019 - Transition was deleted (source: s1, destination: s7)
Fri Aug 30 13:08:53 2019 - State was added (name: s7)
Fri Aug 30 13:09:08 2019 - Transition was added (name: t7, condition: i1 < i2, source: s1, destination: s7)
Fri Aug 30 13:09:16 2019 - Transition was added (name: t8, condition: i1 < i2, source: s7, destination: s2)
Fri Aug 30 13:09:25 2019 - Transition was deleted (source: s1, destination: s2)
Fri Aug 30 13:09:59 2019 - Transition was added (name: t2, condition: i1 < i2, source: s1, destination: s2)
Fri Aug 30 13:27:01 2019 - Imported test1.xmlFri Aug 30 13:27:01 2019 - Truncate STMFri Aug 30 13:28:13 2019 - Truncate STMFri Aug 30 13:28:13 2019 - Imported test2.xmlFri Aug 30 13:29:02 2019 - Truncate STM
Fri Aug 30 13:29:02 2019 - Imported test1.xml
Fri Aug 30 13:29:38 2019 - Truncate STM
Fri Aug 30 13:29:38 2019 - Imported test3.c
Fri Aug 30 15:53:17 2019 - Transition was deleted (source: s7, destination: s2)
Fri Aug 30 15:53:18 2019 - Transition was deleted (source: s1, destination: s7)
Fri Aug 30 15:53:30 2019 - Transition was deleted (source: s5, destination: s4)
Fri Aug 30 15:53:46 2019 - Transition was added (name: t6, condition: i1 < i2, source: s5, destination: s7)
Fri Aug 30 15:53:57 2019 - Transition was added (name: t7, condition: i1 < i2, source: s7, destination: s4)
Wed Sep 04 09:17:14 2019 - Truncate STM
Wed Sep 04 09:17:14 2019 - Imported test1.xml
Wed Sep 04 09:17:35 2019 - Truncate STM
Wed Sep 04 09:17:35 2019 - Imported test2.xml
Wed Sep 04 09:17:38 2019 - Truncate STM
Wed Sep 04 09:17:38 2019 - Imported test3.c
Wed Sep 04 09:17:44 2019 - State was deleted (name: s3)
Wed Sep 04 09:17:44 2019 - Transition was deleted (source: s3, destination: s6)
Wed Sep 04 09:17:44 2019 - Transition was deleted (source: s2, destination: s3)
Wed Sep 04 09:17:46 2019 - State was deleted (name: s6)
Wed Sep 04 09:17:46 2019 - Transition was deleted (source: s6, destination: s5)
Wed Sep 04 09:17:53 2019 - Saved as test4.c
Wed Sep 04 09:17:58 2019 - Truncate STM
Wed Sep 04 09:17:58 2019 - Imported test3.c
Wed Sep 04 09:17:59 2019 - Truncate STM
Wed Sep 04 09:17:59 2019 - Imported test4.c
Wed Sep 04 09:18:03 2019 - Truncate STM
Wed Sep 04 09:18:05 2019 - Truncate STM
Wed Sep 04 09:18:05 2019 - Imported test4.c
Wed Sep 04 09:18:21 2019 - Truncate STM
Wed Sep 04 09:18:21 2019 - Imported test3.c
Wed Sep 04 13:36:53 2019 - Transition was updated (name: t1, condition: i1 < i3, source: s4, destination: s1)
Wed Sep 04 14:35:45 2019 - Transition was updated (name: t1, condition: i1 <= i2, source: s4, destination: s1)
Wed Sep 04 14:35:49 2019 - Transition was updated (name: t6, condition: i1 <= i2, source: s5, destination: s4)
Wed Sep 04 14:35:54 2019 - Transition was updated (name: t5, condition: i1 <= i2, source: s6, destination: s5)
Wed Sep 04 14:35:59 2019 - Transition was updated (name: t4, condition: i1 <= i2, source: s3, destination: s6)
Wed Sep 04 14:36:03 2019 - Transition was updated (name: t3, condition: i1 <= i2, source: s2, destination: s3)
Wed Sep 04 14:36:10 2019 - Transition was updated (name: t7, condition: i1 <= i2, source: s1, destination: s7)
Wed Sep 04 14:36:14 2019 - Transition was updated (name: t8, condition: i1 <= i2, source: s7, destination: s2)
Thu Sep 05 16:39:07 2019 - Transition was updated (name: t3, condition: i1 > i2, source: s2, destination: s3)
Thu Sep 05 16:39:21 2019 - Transition was updated (name: t5, condition: i1 > i2, source: s6, destination: s5)
Thu Sep 05 17:17:25 2019 - State was added (name: s8)
Thu Sep 05 17:17:54 2019 - Transition was added (name: t9, condition: i1 == i2, source: s8, destination: s7)
Thu Sep 05 17:18:05 2019 - Transition was added (name: t10, condition: i1 == i3, source: s8, destination: s3)
Thu Sep 05 17:18:15 2019 - Transition was added (name: t11, condition: i1 < i3, source: s8, destination: s2)
Thu Sep 05 17:18:25 2019 - Transition was added (name: t12, condition: i3 > i2, source: s8, destination: s4)
Thu Sep 05 17:18:42 2019 - Transition was added (name: t13, condition: i2 > i3, source: s1, destination: s8)
Thu Sep 05 17:19:16 2019 - Transition was added (name: t14, condition: i2 > i3, source: s6, destination: s8)
Thu Sep 05 17:19:29 2019 - Transition was added (name: t15, condition: i2 < i3, source: s3, destination: s8)
Thu Sep 05 17:19:42 2019 - Transition was added (name: t16, condition: i2 < i1, source: s2, destination: s7)
Thu Sep 05 17:19:52 2019 - Transition was added (name: t17, condition: i1 < i2, source: s4, destination: s7)
Thu Sep 05 17:20:04 2019 - Transition was added (name: t18, condition: i1 > i2, source: s7, destination: s5)
Fri Sep 06 09:28:48 2019 - Saved as test5.xml
Fri Sep 06 09:28:51 2019 - Truncate STM
Fri Sep 06 09:28:55 2019 - Truncate STM
Fri Sep 06 09:28:55 2019 - Imported test5.xml
Fri Sep 06 09:53:13 2019 - Truncate STM
Fri Sep 06 09:53:13 2019 - Imported test1.xml
Fri Sep 06 09:54:46 2019 - Truncate STM
Fri Sep 06 09:54:46 2019 - Imported test2.xml
Fri Sep 06 09:54:49 2019 - Truncate STM
Fri Sep 06 09:54:49 2019 - Imported test3.c
Fri Sep 06 09:58:31 2019 - Truncate STM
Fri Sep 06 09:58:38 2019 - State was added (name: s1)
Fri Sep 06 09:58:41 2019 - State was added (name: s2)
Fri Sep 06 09:58:45 2019 - State was added (name: s3)
Fri Sep 06 09:58:49 2019 - State was added (name: s4)
Fri Sep 06 09:59:00 2019 - Transition was added (name: t1, condition: , source: s1, destination: s2)
Fri Sep 06 09:59:07 2019 - Transition was added (name: t2, condition: , source: s2, destination: s3)
Fri Sep 06 09:59:13 2019 - Transition was added (name: t3, condition: , source: s3, destination: s4)
Fri Sep 06 09:59:19 2019 - Transition was added (name: t4, condition: , source: s4, destination: s1)
Fri Sep 06 09:59:26 2019 - Transition was added (name: t5, condition: , source: s1, destination: s3)
Fri Sep 06 09:59:32 2019 - Transition was added (name: t6, condition: , source: s2, destination: s4)
Fri Sep 06 09:59:39 2019 - Transition was added (name: t7, condition: , source: s2, destination: s1)
Fri Sep 06 09:59:45 2019 - Transition was added (name: t8, condition: , source: s1, destination: s4)
Fri Sep 06 09:59:51 2019 - Transition was added (name: t9, condition: , source: s4, destination: s3)
Fri Sep 06 09:59:57 2019 - Transition was added (name: t10, condition: , source: s3, destination: s2)
Fri Sep 06 10:00:04 2019 - Transition was added (name: t11, condition: , source: s3, destination: s1)
Fri Sep 06 10:00:09 2019 - Transition was added (name: t12, condition: , source: s4, destination: s2)
Fri Sep 06 10:00:47 2019 - Transition was updated (name: t1, condition: i1 < i2, source: s1, destination: s2)
Fri Sep 06 10:01:15 2019 - Transition was updated (name: t5, condition: i2 < i1, source: s1, destination: s3)
Fri Sep 06 10:01:26 2019 - Transition was updated (name: t8, condition: i1 == i2, source: s1, destination: s4)
Fri Sep 06 10:01:39 2019 - Transition was updated (name: t7, condition: i1 < i2, source: s2, destination: s1)
Fri Sep 06 10:01:49 2019 - Transition was updated (name: t6, condition: i1 == i2, source: s2, destination: s4)
Fri Sep 06 10:02:02 2019 - Transition was updated (name: t2, condition: i1 > i2, source: s2, destination: s3)
Fri Sep 06 10:02:24 2019 - Transition was updated (name: t10, condition: i1 < i2, source: s3, destination: s2)
Fri Sep 06 10:02:30 2019 - Transition was updated (name: t11, condition: i1 == i2, source: s3, destination: s1)
Fri Sep 06 10:02:38 2019 - Transition was updated (name: t3, condition: i1 > i2, source: s3, destination: s4)
Fri Sep 06 10:02:47 2019 - Transition was updated (name: t9, condition: i1 < i2, source: s4, destination: s3)
Fri Sep 06 10:02:56 2019 - Transition was updated (name: t12, condition: i1 > i2, source: s4, destination: s2)
Fri Sep 06 10:03:04 2019 - Transition was updated (name: t4, condition: i1 == i2, source: s4, destination: s1)
Mon Sep 09 11:02:15 2019 - State was deleted (name: s1)
Mon Sep 09 11:02:15 2019 - Transition was deleted (source: s1, destination: s3)
Mon Sep 09 11:02:15 2019 - Transition was deleted (source: s1, destination: s2)
Mon Sep 09 11:02:15 2019 - Transition was deleted (source: s3, destination: s1)
Mon Sep 09 11:02:15 2019 - Transition was deleted (source: s1, destination: s4)
Mon Sep 09 11:02:15 2019 - Transition was deleted (source: s4, destination: s1)
Mon Sep 09 11:02:15 2019 - Transition was deleted (source: s2, destination: s1)
Mon Sep 09 11:03:44 2019 - Truncate STM
Mon Sep 09 11:03:44 2019 - Imported test5.xml
Mon Sep 09 11:03:49 2019 - Truncate STM
Mon Sep 09 11:03:49 2019 - Imported test4.c
Mon Sep 09 11:13:58 2019 - Truncate STM
Mon Sep 09 11:14:05 2019 - State was added (name: s1)
Mon Sep 09 11:14:08 2019 - State was added (name: s2)
Mon Sep 09 11:14:11 2019 - State was added (name: s3)
Mon Sep 09 11:14:15 2019 - State was added (name: s4)
Mon Sep 09 11:14:18 2019 - State was added (name: s5)
Mon Sep 09 11:14:27 2019 - Transition was added (name: , condition: , source: s1, destination: s2)
Mon Sep 09 11:14:29 2019 - Transition was added (name: , condition: , source: s2, destination: s3)
Mon Sep 09 11:14:32 2019 - Transition was added (name: , condition: , source: s3, destination: s5)
Mon Sep 09 11:14:42 2019 - Transition was added (name: , condition: , source: s1, destination: s4)
Mon Sep 09 11:14:53 2019 - Transition was added (name: , condition: , source: s5, destination: s1)
Mon Sep 09 11:15:02 2019 - Transition was added (name: , condition: , source: s4, destination: s5)
Mon Sep 09 13:14:42 2019 - Truncate STM
Mon Sep 09 13:14:52 2019 - State was added (name: s1)
Mon Sep 09 13:14:54 2019 - State was added (name: s2)
Mon Sep 09 13:14:57 2019 - State was added (name: s3)
Mon Sep 09 13:15:00 2019 - State was added (name: s4)
Mon Sep 09 13:15:07 2019 - Transition was added (name: , condition: , source: s1, destination: s2)
Mon Sep 09 13:15:08 2019 - Transition was added (name: , condition: , source: s2, destination: s4)
Mon Sep 09 13:15:09 2019 - Transition was added (name: , condition: , source: s4, destination: s3)
Mon Sep 09 13:15:11 2019 - Transition was added (name: , condition: , source: s3, destination: s1)
Mon Sep 09 13:15:12 2019 - Transition was added (name: , condition: , source: s1, destination: s4)
Mon Sep 09 13:15:16 2019 - Transition was added (name: , condition: , source: s4, destination: s1)
Mon Sep 09 13:15:20 2019 - Transition was added (name: , condition: , source: s1, destination: s3)
Mon Sep 09 13:15:22 2019 - Transition was added (name: , condition: , source: s3, destination: s4)
Mon Sep 09 13:15:23 2019 - Transition was added (name: , condition: , source: s4, destination: s2)
Mon Sep 09 13:15:24 2019 - Transition was added (name: , condition: , source: s2, destination: s1)
Mon Sep 09 13:15:27 2019 - Transition was added (name: , condition: , source: s2, destination: s3)
Mon Sep 09 13:15:28 2019 - Transition was added (name: , condition: , source: s3, destination: s2)
Mon Sep 09 13:21:25 2019 - Transition was deleted (source: s4, destination: s2)
Mon Sep 09 15:16:02 2019 - Truncate STM
Mon Sep 09 15:16:02 2019 - Imported test2.xml
Thu Sep 12 16:18:08 2019 - State was deleted (name: s2)
Thu Sep 12 16:18:08 2019 - Transition was deleted (source: s2, destination: s3)
Thu Sep 12 16:18:08 2019 - Transition was deleted (source: s4, destination: s2)
Thu Sep 12 16:18:09 2019 - State was deleted (name: s3)
Thu Sep 12 16:18:09 2019 - Transition was deleted (source: s3, destination: s6)
Thu Sep 12 16:18:10 2019 - State was deleted (name: s6)
Thu Sep 12 16:18:10 2019 - Transition was deleted (source: s6, destination: s5)
Thu Sep 12 16:18:11 2019 - State was deleted (name: s5)
Thu Sep 12 16:18:11 2019 - Transition was deleted (source: s5, destination: s4)
Thu Sep 12 16:18:11 2019 - State was deleted (name: s4)
Thu Sep 12 16:18:14 2019 - State was added (name: s1)
Thu Sep 12 16:18:16 2019 - State was added (name: s2)
Thu Sep 12 16:18:19 2019 - State was added (name: s3)
Thu Sep 12 16:18:23 2019 - State was added (name: s4)
Thu Sep 12 16:18:26 2019 - State was added (name: s5)
Thu Sep 12 16:18:35 2019 - Transition was added (name: , condition: i1 == 1, source: s1, destination: s2)
Thu Sep 12 16:18:44 2019 - Transition was added (name: , condition: i2 > 4, source: s2, destination: s3)
Thu Sep 12 16:18:50 2019 - Transition was added (name: , condition: i2 < 3, source: s3, destination: s4)
Thu Sep 12 16:18:57 2019 - Transition was added (name: , condition: i1 > 3, source: s4, destination: s5)
Thu Sep 12 16:19:06 2019 - Transition was added (name: , condition: i3 == 2, source: s5, destination: s1)
Thu Sep 12 16:21:13 2019 - Transition was updated (name: , condition: i3 < 3, source: s3, destination: s4)
Thu Sep 12 16:37:16 2019 - Transition was deleted (source: s2, destination: s3)
Thu Sep 12 16:37:30 2019 - Transition was deleted (source: s1, destination: s2)
Thu Sep 12 16:37:31 2019 - Transition was deleted (source: s5, destination: s1)
Thu Sep 12 16:37:32 2019 - Transition was deleted (source: s4, destination: s5)
Thu Sep 12 16:37:33 2019 - Transition was deleted (source: s3, destination: s4)
Thu Sep 12 16:41:34 2019 - Transition was added (name: , condition: i1 == 5, source: s1, destination: s2)
Thu Sep 12 16:41:43 2019 - Transition was added (name: , condition: i2 > 2, source: s2, destination: s3)
Thu Sep 12 16:41:51 2019 - Transition was added (name: , condition: i1 < 3, source: s3, destination: s4)
Thu Sep 12 16:41:58 2019 - Transition was added (name: , condition: i3 == 4, source: s4, destination: s5)
Thu Sep 12 16:42:07 2019 - Transition was added (name: , condition: i2 == 4, source: s5, destination: s1)
Thu Sep 12 16:43:22 2019 - State was added (name: s6)
Thu Sep 12 16:43:27 2019 - State was added (name: s7)
Thu Sep 12 16:43:42 2019 - Transition was added (name: , condition: i4 == 5, source: s5, destination: s6)
Thu Sep 12 16:43:55 2019 - Transition was added (name: , condition: i3 < 2, source: s4, destination: s7)
Thu Sep 12 16:44:01 2019 - Transition was added (name: , condition: i2 > 3, source: s7, destination: s1)
Thu Sep 12 16:48:26 2019 - Transition was added (name: , condition: i2 < 4, source: s6, destination: s3)
Thu Sep 12 16:49:31 2019 - State was added (name: s8)
Thu Sep 12 16:49:36 2019 - State was added (name: s9)
Thu Sep 12 16:49:50 2019 - Transition was added (name: , condition: i5 == 7, source: s4, destination: s9)
Thu Sep 12 16:50:11 2019 - Transition was added (name: , condition: i4 > 10, source: s9, destination: s7)
Thu Sep 12 16:50:19 2019 - Transition was added (name: , condition: i3 > 5, source: s7, destination: s8)
Thu Sep 12 16:50:25 2019 - Transition was added (name: , condition: i2 == 6, source: s8, destination: s1)
Thu Sep 12 16:51:10 2019 - State was deleted (name: s9)
Thu Sep 12 16:51:10 2019 - Transition was deleted (source: s9, destination: s7)
Thu Sep 12 16:51:10 2019 - Transition was deleted (source: s4, destination: s9)
Thu Sep 12 16:51:11 2019 - State was deleted (name: s8)
Thu Sep 12 16:51:11 2019 - Transition was deleted (source: s7, destination: s8)
Thu Sep 12 16:51:11 2019 - Transition was deleted (source: s8, destination: s1)
Thu Sep 12 16:55:07 2019 - State was added (name: s8)
Thu Sep 12 16:55:26 2019 - Transition was added (name: , condition: i5 > 4, source: s4, destination: s8)
Thu Sep 12 16:55:36 2019 - Transition was added (name: , condition: i6 == 4, source: s8, destination: s7)
Thu Sep 12 16:56:33 2019 - State was deleted (name: s8)
Thu Sep 12 16:56:33 2019 - Transition was deleted (source: s8, destination: s7)
Thu Sep 12 16:56:33 2019 - Transition was deleted (source: s4, destination: s8)
Thu Sep 12 16:57:09 2019 - State was added (name: s8)
Thu Sep 12 16:57:27 2019 - Transition was added (name: , condition: i3 == 6, source: s4, destination: s8)
Thu Sep 12 16:57:47 2019 - Transition was added (name: , condition: i4 == 7, source: s8, destination: s1)
Fri Sep 13 11:07:40 2019 - Transition was updated (name: , condition: i1 == 5, source: s2, destination: s3)
Fri Sep 13 11:08:53 2019 - Transition was updated (name: , condition: i2 == 4, source: s2, destination: s3)
Fri Sep 13 15:11:50 2019 - State was added (name: s9)
Fri Sep 13 15:12:12 2019 - Transition was added (name: , condition: i1 > 7, source: s1, destination: s9)
Fri Sep 13 15:12:20 2019 - Transition was added (name: , condition: i1 == 3, source: s9, destination: s2)
Fri Sep 13 15:13:12 2019 - State was deleted (name: s9)
Fri Sep 13 15:13:12 2019 - Transition was deleted (source: s1, destination: s9)
Fri Sep 13 15:13:12 2019 - Transition was deleted (source: s9, destination: s2)
Mon Sep 16 09:10:18 2019 - Saved as test11.xml
Mon Sep 16 15:34:49 2019 - State was added (name: s10)
Mon Sep 16 15:55:21 2019 - State was deleted (name: s10)
Tue Sep 17 10:37:31 2019 - Truncate STM
Tue Sep 17 10:54:19 2019 - State was deleted (name: s8)
Tue Sep 17 10:54:19 2019 - Transition was deleted (source: s4, destination: s8)
Tue Sep 17 10:54:19 2019 - Transition was deleted (source: s8, destination: s1)
Tue Sep 17 10:55:34 2019 - Truncate STM
Tue Sep 17 10:55:34 2019 - Imported test1.xml
Tue Sep 17 10:55:38 2019 - Truncate STM
Tue Sep 17 10:55:38 2019 - Imported test11.xml
Tue Sep 17 11:12:51 2019 - State was added (name: s9)
Tue Sep 17 11:12:55 2019 - State was added (name: s10)
Tue Sep 17 11:13:18 2019 - State was added (name: t1)
Tue Sep 17 11:14:37 2019 - State was deleted (name: t1)
Tue Sep 17 11:15:51 2019 - Transition was added (name: t1, condition: I1 == 60, source: s9, destination: s10)
Tue Sep 17 11:15:57 2019 - Transition was deleted (source: s9, destination: s10)
Tue Sep 17 11:16:00 2019 - Transition was added (name: , condition: , source: s9, destination: s10)
Tue Sep 17 11:16:01 2019 - Transition was deleted (source: s9, destination: s10)
Tue Sep 17 11:16:03 2019 - State was deleted (name: s9)
Tue Sep 17 11:16:04 2019 - State was deleted (name: s10)
Tue Sep 17 11:16:09 2019 - Truncate STM
Tue Sep 17 11:16:09 2019 - Imported test1.xml
Tue Sep 17 11:16:11 2019 - Truncate STM
Tue Sep 17 11:16:11 2019 - Imported test11.xml
Tue Sep 17 11:16:15 2019 - State was deleted (name: s8)
Tue Sep 17 11:16:15 2019 - Transition was deleted (source: s4, destination: s8)
Tue Sep 17 11:16:15 2019 - Transition was deleted (source: s8, destination: s1)
Tue Sep 17 11:16:16 2019 - State was deleted (name: s5)
Tue Sep 17 11:16:16 2019 - Transition was deleted (source: s5, destination: s6)
Tue Sep 17 11:16:16 2019 - Transition was deleted (source: s5, destination: s1)
Tue Sep 17 11:16:16 2019 - Transition was deleted (source: s4, destination: s5)
Tue Sep 17 11:16:30 2019 - Saved as test12.xml
Tue Sep 17 11:16:34 2019 - Truncate STM
Tue Sep 17 11:16:34 2019 - Imported test11.xml
Tue Sep 17 11:16:36 2019 - Truncate STM
Tue Sep 17 11:16:36 2019 - Imported test12.xml
Tue Sep 17 13:14:33 2019 - Truncate STM
Tue Sep 17 13:14:33 2019 - Imported test11.xml
Tue Sep 17 15:43:43 2019 - State was added (name: s9)
Tue Sep 17 15:44:03 2019 - Transition was added (name: , condition: i1 == 4, source: s1, destination: s9)
Tue Sep 17 15:44:12 2019 - Transition was added (name: , condition: i3 == 5, source: s9, destination: s2)
Tue Sep 17 16:08:19 2019 - Saved as test13.xml
Tue Sep 17 16:08:23 2019 - Truncate STM
Tue Sep 17 16:08:29 2019 - State was added (name: s1)
Tue Sep 17 16:08:31 2019 - State was added (name: s2)
Tue Sep 17 16:08:34 2019 - State was added (name: s3)
Tue Sep 17 16:08:42 2019 - Transition was added (name: , condition: i1 == 1, source: s3, destination: s1)
Tue Sep 17 16:08:49 2019 - Transition was added (name: , condition: i1 ==2, source: s1, destination: s2)
Tue Sep 17 16:08:55 2019 - Transition was added (name: , condition: i1 == 3, source: s2, destination: s3)
Tue Sep 17 16:10:19 2019 - Truncate STM
Tue Sep 17 16:10:19 2019 - Imported test11.xml
Tue Sep 17 16:10:39 2019 - Truncate STM
Tue Sep 17 16:10:39 2019 - Imported test12.xml
Tue Sep 17 16:10:43 2019 - Truncate STM
Tue Sep 17 16:10:43 2019 - Imported test11.xml
Tue Sep 17 16:11:06 2019 - Truncate STM
Tue Sep 17 16:11:06 2019 - Imported test12.xml
Tue Sep 17 16:11:21 2019 - Truncate STM
Tue Sep 17 16:11:21 2019 - Imported test11.xml
Wed Sep 18 16:42:45 2019 - Truncate STM
Wed Sep 18 16:42:45 2019 - Imported test11.xml
Wed Sep 18 16:42:48 2019 - Truncate STM
Wed Sep 18 16:42:48 2019 - Imported test12.xml
Wed Sep 18 16:42:50 2019 - Truncate STM
Wed Sep 18 16:42:50 2019 - Imported test13.xml
Wed Sep 18 16:43:15 2019 - State was added (name: s10)
Wed Sep 18 16:43:35 2019 - Transition was added (name: , condition: i1 == 5, source: s1, destination: s10)
Wed Sep 18 16:43:44 2019 - Transition was added (name: , condition: i3 == 4, source: s10, destination: s2)
Wed Sep 18 16:43:48 2019 - Transition was deleted (source: s1, destination: s2)
Wed Sep 18 16:44:10 2019 - Transition was deleted (source: s5, destination: s1)
Wed Sep 18 16:44:44 2019 - Saved as test14.xml
Wed Sep 18 16:44:46 2019 - Truncate STM
Wed Sep 18 16:44:55 2019 - State was added (name: s1)
Wed Sep 18 16:44:58 2019 - State was added (name: s2)
Wed Sep 18 16:45:05 2019 - State was added (name: s3)
Wed Sep 18 16:45:09 2019 - State was added (name: s4)
Wed Sep 18 16:45:14 2019 - State was added (name: s5)
Wed Sep 18 16:45:33 2019 - State was added (name: s6)
Wed Sep 18 16:45:39 2019 - State was added (name: s7)
Wed Sep 18 16:45:45 2019 - State was added (name: s8)
Wed Sep 18 16:45:50 2019 - State was added (name: s9)
Wed Sep 18 16:45:57 2019 - State was added (name: s10)
Wed Sep 18 16:46:02 2019 - State was added (name: s11)
Wed Sep 18 16:46:06 2019 - State was added (name: s12)
Wed Sep 18 16:46:11 2019 - State was added (name: s13)
Wed Sep 18 16:46:17 2019 - State was added (name: s14)
Wed Sep 18 16:46:21 2019 - State was added (name: s15)
Wed Sep 18 16:46:49 2019 - State was added (name: s16)
Wed Sep 18 16:46:57 2019 - State was added (name: s17)
Wed Sep 18 16:47:04 2019 - State was added (name: s18)
Wed Sep 18 16:47:11 2019 - State was added (name: s19)
Wed Sep 18 16:47:23 2019 - Transition was added (name: , condition: i1 == 1, source: s1, destination: s2)
Wed Sep 18 16:47:29 2019 - Transition was added (name: , condition: i1 == 2, source: s1, destination: s3)
Wed Sep 18 16:47:39 2019 - Transition was added (name: , condition: i2 == 1, source: s2, destination: s4)
Wed Sep 18 16:47:48 2019 - Transition was added (name: , condition: i2 == 2, source: s2, destination: s5)
Wed Sep 18 16:47:55 2019 - Transition was added (name: , condition: i2 == 3, source: s3, destination: s6)
Wed Sep 18 16:48:00 2019 - Transition was added (name: , condition: i2 == 4, source: s3, destination: s7)
Wed Sep 18 16:48:06 2019 - Transition was added (name: , condition: i3 == 1, source: s4, destination: s8)
Wed Sep 18 16:48:14 2019 - Transition was added (name: , condition: i3 == 2, source: s4, destination: s9)
Wed Sep 18 16:48:20 2019 - Transition was added (name: , condition: i3 == 3, source: s5, destination: s10)
Wed Sep 18 16:48:31 2019 - Transition was added (name: , condition: i3 == 4, source: s5, destination: s11)
Wed Sep 18 16:48:51 2019 - Transition was added (name: , condition: i3 == 5, source: s6, destination: s12)
Wed Sep 18 16:48:58 2019 - Transition was added (name: , condition: i3 == 6, source: s6, destination: s13)
Wed Sep 18 16:49:07 2019 - Transition was added (name: , condition: i3 == 7, source: s7, destination: s14)
Wed Sep 18 16:49:13 2019 - Transition was added (name: , condition: i3 == 8, source: s7, destination: s15)
Wed Sep 18 16:50:31 2019 - Transition was added (name: , condition: i4 == 1, source: s8, destination: s16)
Wed Sep 18 16:50:40 2019 - Transition was added (name: , condition: i4 == 1, source: s9, destination: s16)
Wed Sep 18 16:50:53 2019 - Transition was added (name: , condition: i4 == 1, source: s10, destination: s16)
Wed Sep 18 16:50:58 2019 - Transition was added (name: , condition: i4 == 1, source: s11, destination: s16)
Wed Sep 18 16:51:04 2019 - Transition was added (name: , condition: i4 == 1, source: s12, destination: s17)
Wed Sep 18 16:51:08 2019 - Transition was added (name: , condition: i4 == 1, source: s13, destination: s17)
Wed Sep 18 16:51:11 2019 - Transition was added (name: , condition: i4 == 1, source: s14, destination: s17)
Wed Sep 18 16:51:15 2019 - Transition was added (name: , condition: i4 == 1, source: s15, destination: s17)
Wed Sep 18 16:51:23 2019 - Transition was added (name: , condition: i5 == 1, source: s16, destination: s18)
Wed Sep 18 16:51:29 2019 - Transition was added (name: , condition: i5 == 1, source: s17, destination: s19)
Wed Sep 18 16:51:35 2019 - Transition was added (name: , condition: i6 == 1, source: s18, destination: s1)
Wed Sep 18 16:51:41 2019 - Transition was added (name: , condition: i6 == 1, source: s19, destination: s1)
Wed Sep 18 16:53:24 2019 - Saved as tree.xml
Wed Sep 18 16:54:12 2019 - Truncate STM
Wed Sep 18 16:54:12 2019 - Imported tree.xml
Wed Sep 18 17:02:02 2019 - Truncate STM
Wed Sep 18 17:02:07 2019 - State was added (name: s1)
Wed Sep 18 17:02:11 2019 - State was added (name: s2)
Wed Sep 18 17:02:16 2019 - State was added (name: s3)
Wed Sep 18 17:02:26 2019 - State was added (name: s4)
Wed Sep 18 17:02:32 2019 - State was added (name: s5)
Wed Sep 18 17:02:39 2019 - State was added (name: s6)
Wed Sep 18 17:02:44 2019 - State was added (name: s7)
Wed Sep 18 17:02:48 2019 - State was added (name: s8)
Wed Sep 18 17:02:53 2019 - State was added (name: s9)
Wed Sep 18 17:02:58 2019 - State was added (name: s10)
Wed Sep 18 17:03:02 2019 - State was added (name: s11)
Wed Sep 18 17:03:06 2019 - State was added (name: s12)
Wed Sep 18 17:03:11 2019 - State was added (name: s13)
Wed Sep 18 17:03:16 2019 - State was added (name: s14)
Wed Sep 18 17:03:19 2019 - State was added (name: s15)
Wed Sep 18 17:03:27 2019 - State was added (name: s16)
Wed Sep 18 17:03:33 2019 - State was added (name: s17)
Wed Sep 18 17:03:39 2019 - State was added (name: s18)
Wed Sep 18 17:03:47 2019 - State was added (name: s19)
Wed Sep 18 17:04:02 2019 - Transition was added (name: , condition: i1 == 1, source: s1, destination: s2)
Wed Sep 18 17:04:09 2019 - Transition was added (name: , condition: i1 == 2, source: s1, destination: s3)
Wed Sep 18 17:04:15 2019 - Transition was added (name: , condition: i2 == 1, source: s2, destination: s4)
Wed Sep 18 17:04:20 2019 - Transition was added (name: , condition: i2 == 2, source: s2, destination: s5)
Wed Sep 18 17:04:25 2019 - Transition was added (name: , condition: i2 == 3, source: s3, destination: s6)
Wed Sep 18 17:04:32 2019 - Transition was added (name: , condition: i2 == 4, source: s3, destination: s7)
Wed Sep 18 17:04:38 2019 - Transition was added (name: , condition: i3 == 1, source: s4, destination: s8)
Wed Sep 18 17:04:44 2019 - Transition was added (name: , condition: i3 == 2, source: s4, destination: s9)
Wed Sep 18 17:04:49 2019 - Transition was added (name: , condition: i3 == 3, source: s5, destination: s10)
Wed Sep 18 17:04:54 2019 - Transition was added (name: , condition: i3 == 4, source: s5, destination: s11)
Wed Sep 18 17:04:59 2019 - Transition was added (name: , condition: i3 == 5, source: s6, destination: s12)
Wed Sep 18 17:05:04 2019 - Transition was added (name: , condition: i3 == 6, source: s6, destination: s13)
Wed Sep 18 17:05:10 2019 - Transition was added (name: , condition: i3 == 7, source: s7, destination: s14)
Wed Sep 18 17:05:15 2019 - Transition was added (name: , condition: i3 == 8, source: s7, destination: s15)
Wed Sep 18 17:05:27 2019 - Transition was added (name: , condition: i4 == 1, source: s8, destination: s16)
Wed Sep 18 17:05:31 2019 - Transition was added (name: , condition: i4 == 1, source: s9, destination: s16)
Wed Sep 18 17:05:35 2019 - Transition was added (name: , condition: i4 == 1, source: s10, destination: s16)
Wed Sep 18 17:05:40 2019 - Transition was added (name: , condition: i4 == 1, source: s11, destination: s16)
Wed Sep 18 17:05:48 2019 - Transition was added (name: , condition: i4 == 1, source: s12, destination: s17)
Wed Sep 18 17:05:52 2019 - Transition was added (name: , condition: i4 == 1, source: s13, destination: s17)
Wed Sep 18 17:05:56 2019 - Transition was added (name: , condition: i4 == 1, source: s14, destination: s17)
Wed Sep 18 17:06:00 2019 - Transition was added (name: , condition: i4 == 1, source: s15, destination: s17)
Wed Sep 18 17:06:11 2019 - Transition was added (name: , condition: i5 == 1, source: s17, destination: s19)
Wed Sep 18 17:06:16 2019 - Transition was added (name: , condition: i5 == 1, source: s16, destination: s18)
Wed Sep 18 17:06:22 2019 - Transition was added (name: , condition: i6 == 1, source: s18, destination: s1)
Wed Sep 18 17:06:28 2019 - Transition was added (name: , condition: i6 == 1, source: s19, destination: s1)
Wed Sep 18 17:07:27 2019 - Saved as treehopenotfucked.xml
Wed Sep 18 17:07:37 2019 - Truncate STM
Wed Sep 18 17:07:37 2019 - Imported tree.xml
Wed Sep 18 17:07:40 2019 - Truncate STM
Wed Sep 18 17:07:40 2019 - Imported treehopenotfucked.xml
Wed Sep 18 17:50:12 2019 - Truncate STM
Wed Sep 18 17:50:16 2019 - State was added (name: s1)
Wed Sep 18 17:50:20 2019 - State was added (name: s2)
Wed Sep 18 17:50:24 2019 - State was added (name: s3)
Wed Sep 18 17:50:32 2019 - State was added (name: s4)
Wed Sep 18 17:50:36 2019 - State was added (name: s5)
Wed Sep 18 17:50:39 2019 - State was added (name: s6)
Wed Sep 18 17:50:43 2019 - State was added (name: s7)
Wed Sep 18 17:50:48 2019 - State was added (name: s8)
Wed Sep 18 17:50:54 2019 - State was added (name: s9)
Wed Sep 18 17:50:59 2019 - State was added (name: s10)
Wed Sep 18 17:51:04 2019 - State was added (name: s11)
Wed Sep 18 17:51:12 2019 - Transition was added (name: , condition: i1 == 1, source: s1, destination: s2)
Wed Sep 18 17:51:17 2019 - Transition was added (name: , condition: i1 == 2, source: s1, destination: s3)
Wed Sep 18 17:51:22 2019 - Transition was added (name: , condition: i2 == 1, source: s2, destination: s4)
Wed Sep 18 17:51:29 2019 - Transition was added (name: , condition: i2 == 2, source: s2, destination: s5)
Wed Sep 18 17:51:37 2019 - Transition was added (name: , condition: i2 == 3, source: s3, destination: s6)
Wed Sep 18 17:51:47 2019 - Transition was added (name: , condition: i2 == 4, source: s3, destination: s7)
Wed Sep 18 17:51:55 2019 - Transition was added (name: , condition: i5 == 1, source: s4, destination: s8)
Wed Sep 18 17:52:00 2019 - Transition was added (name: , condition: i5 == 1, source: s5, destination: s8)
Wed Sep 18 17:52:05 2019 - Transition was added (name: , condition: i5 == 1, source: s6, destination: s9)
Wed Sep 18 17:52:09 2019 - Transition was added (name: , condition: i5 == 1, source: s7, destination: s9)
Wed Sep 18 17:52:14 2019 - Transition was added (name: , condition: i6 == 1, source: s8, destination: s10)
Wed Sep 18 17:52:22 2019 - Transition was added (name: , condition: i6 == 1 , source: s9, destination: s11)
Wed Sep 18 17:52:41 2019 - Transition was added (name: , condition: i7 == 1, source: s10, destination: s1)
Wed Sep 18 17:52:48 2019 - Transition was added (name: , condition: i7 == 1, source: s11, destination: s1)
Wed Sep 18 17:53:18 2019 - Saved as treeNice.xml
Wed Sep 18 17:54:31 2019 - Truncate STM
Wed Sep 18 17:54:31 2019 - Imported treeNice.xml
Wed Sep 18 17:54:35 2019 - Truncate STM
Wed Sep 18 17:54:37 2019 - State was added (name: s1)
Wed Sep 18 17:54:43 2019 - State was added (name: s2)
Wed Sep 18 17:54:48 2019 - State was added (name: s3)
Wed Sep 18 17:54:52 2019 - State was added (name: s4)
Wed Sep 18 17:55:05 2019 - State was added (name: s5)
Wed Sep 18 17:55:10 2019 - State was added (name: s6)
Wed Sep 18 17:55:15 2019 - State was added (name: s7)
Wed Sep 18 17:55:19 2019 - State was added (name: s8)
Wed Sep 18 17:55:27 2019 - State was added (name: s9)
Wed Sep 18 17:55:32 2019 - State was added (name: s10)
Wed Sep 18 17:55:36 2019 - State was added (name: s11)
Wed Sep 18 17:55:41 2019 - State was added (name: s12)
Wed Sep 18 17:55:47 2019 - State was added (name: s13)
Wed Sep 18 17:55:52 2019 - State was added (name: s14)
Wed Sep 18 17:55:56 2019 - State was added (name: s15)
Wed Sep 18 17:56:04 2019 - State was added (name: s16)
Wed Sep 18 17:56:11 2019 - State was added (name: s17)
Wed Sep 18 17:56:18 2019 - State was added (name: s18)
Wed Sep 18 17:56:26 2019 - State was added (name: s19)
Wed Sep 18 17:56:47 2019 - Transition was added (name: , condition: i1 == 1, source: s1, destination: s2)
Wed Sep 18 17:56:51 2019 - Transition was added (name: , condition: i1 == 2, source: s1, destination: s3)
Wed Sep 18 17:56:57 2019 - Transition was added (name: , condition: i2 == 1, source: s2, destination: s4)
Wed Sep 18 17:57:02 2019 - Transition was added (name: , condition: i2 == 2, source: s2, destination: s5)
Wed Sep 18 17:57:13 2019 - Transition was added (name: , condition: i2 == 3, source: s3, destination: s6)
Wed Sep 18 17:57:21 2019 - Transition was added (name: , condition: i2 == 4, source: s3, destination: s7)
Wed Sep 18 17:57:26 2019 - Transition was added (name: , condition: i3 == 1, source: s4, destination: s8)
Wed Sep 18 17:57:31 2019 - Transition was added (name: , condition: i3 == 2, source: s4, destination: s9)
Wed Sep 18 17:57:36 2019 - Transition was added (name: , condition: i3 == 3, source: s5, destination: s10)
Wed Sep 18 17:57:43 2019 - Transition was added (name: , condition: i3 == 4, source: s5, destination: s11)
Wed Sep 18 17:57:50 2019 - Transition was added (name: , condition: i3 == 5, source: s6, destination: s12)
Wed Sep 18 17:57:56 2019 - Transition was added (name: , condition: i3 == 6, source: s6, destination: s13)
Wed Sep 18 17:58:02 2019 - Transition was added (name: , condition: i3 == 7, source: s7, destination: s14)
Wed Sep 18 17:58:07 2019 - Transition was added (name: , condition: i3 == 8, source: s7, destination: s15)
Wed Sep 18 17:58:16 2019 - Transition was added (name: , condition: i4 == 1, source: s8, destination: s16)
Wed Sep 18 17:58:21 2019 - Transition was added (name: , condition: i4 == 1, source: s9, destination: s16)
Wed Sep 18 17:58:25 2019 - Transition was added (name: , condition: i4 == 1, source: s10, destination: s16)
Wed Sep 18 17:58:29 2019 - Transition was added (name: , condition: i4 == 1, source: s11, destination: s16)
Wed Sep 18 17:58:33 2019 - Transition was added (name: , condition: i4 == 1, source: s12, destination: s17)
Wed Sep 18 17:58:37 2019 - Transition was added (name: , condition: i4 == 1, source: s13, destination: s17)
Wed Sep 18 17:58:41 2019 - Transition was added (name: , condition: i4 == 1, source: s14, destination: s17)
Wed Sep 18 17:58:45 2019 - Transition was added (name: , condition: i4 == 1, source: s15, destination: s17)
Wed Sep 18 17:58:50 2019 - Transition was added (name: , condition: i5 == 1, source: s17, destination: s19)
Wed Sep 18 17:58:55 2019 - Transition was added (name: , condition: i5 == 1, source: s16, destination: s18)
Wed Sep 18 17:59:00 2019 - Transition was added (name: , condition: i6 == 1, source: s18, destination: s1)
Wed Sep 18 17:59:05 2019 - Transition was added (name: , condition: i6 == 1, source: s19, destination: s1)
Thu Sep 19 08:52:22 2019 - State was added (name: s20)
Thu Sep 19 08:52:39 2019 - Transition was added (name: , condition: i7 == 1, source: s12, destination: s20)
Thu Sep 19 08:52:51 2019 - Transition was added (name: , condition: i7 == 2, source: s20, destination: s11)
Thu Sep 19 08:54:59 2019 - Transition was updated (name: , condition: i4 == 2, source: s20, destination: s11)
Thu Sep 19 08:55:09 2019 - Transition was updated (name: , condition: i4== 2, source: s12, destination: s20)
Thu Sep 19 08:55:30 2019 - State was deleted (name: s20)
Thu Sep 19 08:55:30 2019 - Transition was deleted (source: s12, destination: s20)
Thu Sep 19 08:55:30 2019 - Transition was deleted (source: s20, destination: s11)
Thu Sep 19 10:18:50 2019 - Saved as treeNoice.xml
Thu Sep 19 10:18:53 2019 - Truncate STM
Thu Sep 19 10:18:53 2019 - Imported treeNice.xml
Thu Sep 19 10:18:57 2019 - Truncate STM
Thu Sep 19 10:18:57 2019 - Imported treeNoice.xml
Thu Sep 19 10:31:00 2019 - Transition was updated (name: , condition: i1 > 1, source: s1, destination: s2)
Thu Sep 19 10:31:26 2019 - Transition was updated (name: , condition: i1 == 5, source: s1, destination: s2)
Thu Sep 19 10:36:36 2019 - Transition was updated (name: t1, condition: i1 == 5, source: s1, destination: s2)
Thu Sep 19 10:37:11 2019 - Transition was updated (name: , condition: i1 == 5 || i2 == 4, source: s1, destination: s2)
Thu Sep 19 10:43:04 2019 - Transition was added (name: , condition: i3 == 3, source: s1, destination: s3)
Thu Sep 19 16:01:59 2019 - Truncate STM
Thu Sep 19 16:01:59 2019 - Imported treeNoice.xml
Thu Sep 19 16:48:49 2019 - Truncate STM
Thu Sep 19 16:48:49 2019 - Imported treeNoice.xml
Fri Sep 20 13:53:20 2019 - Truncate STM
Fri Sep 20 13:53:20 2019 - Imported treeNoice.xml
Mon Sep 23 12:29:01 2019 - Truncate STM
Mon Sep 23 12:29:01 2019 - Imported treeNice.xml
Mon Sep 23 12:29:23 2019 - Truncate STM
Mon Sep 23 12:29:23 2019 - Imported treeNoice.xml
Mon Sep 23 12:29:29 2019 - Truncate STM
Mon Sep 23 12:29:29 2019 - Imported treeNice.xml
Tue Sep 24 13:49:44 2019 - Truncate STM
Tue Sep 24 13:49:44 2019 - Imported treeNice.xml
Tue Sep 24 13:49:47 2019 - Truncate STM
Tue Sep 24 13:49:47 2019 - Imported treeNoice.xml
Tue Sep 24 13:58:01 2019 - Truncate STM
Tue Sep 24 13:58:17 2019 - State was added (name: Idle)
Tue Sep 24 13:58:31 2019 - State was added (name: Display Hour)
Tue Sep 24 13:59:02 2019 - State was added (name: Program1)
Tue Sep 24 13:59:10 2019 - State was added (name: Program2)
Tue Sep 24 13:59:56 2019 - State was added (name: Program3)
Tue Sep 24 14:00:08 2019 - State was added (name: Program4)
Tue Sep 24 14:00:19 2019 - State was added (name: Program5)
Tue Sep 24 14:01:27 2019 - State was added (name: 40deg Water)
Tue Sep 24 14:01:37 2019 - State was added (name: 50deg Water)
Tue Sep 24 14:01:49 2019 - State was added (name: 60deg Water)
Tue Sep 24 14:02:28 2019 - State was added (name: 1200RPM)
Tue Sep 24 14:02:37 2019 - State was added (name: 1400RPM)
Tue Sep 24 14:02:45 2019 - State was added (name: 1600RPM)
Tue Sep 24 14:03:02 2019 - State was added (name: FINISHED)
Tue Sep 24 14:04:56 2019 - Transition was added (name: , condition: button == 1, source: Idle, destination: Program1)
Tue Sep 24 14:05:03 2019 - Transition was added (name: , condition: Button == 2, source: Idle, destination: Program2)
Tue Sep 24 14:05:06 2019 - Transition was deleted (source: Idle, destination: Program2)
Tue Sep 24 14:05:21 2019 - Transition was added (name: , condition: button == 2, source: Idle, destination: Program2)
Tue Sep 24 14:06:51 2019 - Transition was added (name: , condition: button == 3, source: Idle, destination: Program3)
Tue Sep 24 14:06:58 2019 - Transition was added (name: , condition: button == 4, source: Idle, destination: Program4)
Tue Sep 24 14:07:07 2019 - Transition was added (name: , condition: button == 5, source: Idle, destination: Program5)
Tue Sep 24 14:07:20 2019 - Transition was added (name: , condition: button == 0, source: Idle, destination: Display Hour)
Tue Sep 24 14:34:07 2019 - Transition was added (name: , condition: button == 1 && ok == 1, source: Idle, destination: Program1)
Tue Sep 24 14:34:22 2019 - Transition was updated (name: , condition: button == 1 && ok == 1, source: Idle, destination: Program1)
Tue Sep 24 14:34:34 2019 - Transition was updated (name: , condition: button == 2 && ok == 1, source: Idle, destination: Program2)
Tue Sep 24 14:34:38 2019 - Transition was updated (name: , condition: button == 3 && ok == 1, source: Idle, destination: Program3)
Tue Sep 24 14:34:42 2019 - Transition was updated (name: , condition: button == 4 && ok == 1, source: Idle, destination: Program4)
Tue Sep 24 14:34:46 2019 - Transition was updated (name: , condition: button == 5 && ok == 1, source: Idle, destination: Program5)
Tue Sep 24 14:34:55 2019 - Transition was updated (name: , condition: ok == 0, source: Idle, destination: Display Hour)
Tue Sep 24 14:36:48 2019 - State was added (name: wait)
Tue Sep 24 14:37:34 2019 - State was deleted (name: wait)
Tue Sep 24 14:37:52 2019 - Transition was added (name: , condition: ok == 1, source: Program1, destination: 40deg Water)
Tue Sep 24 14:38:34 2019 - Transition was added (name: , condition: filled == 1, source: 40deg Water, destination: 1200RPM)
Tue Sep 24 14:38:59 2019 - Transition was added (name: , condition: cycles == 60000, source: 1200RPM, destination: FINISHED)
Tue Sep 24 14:39:10 2019 - Transition was added (name: , condition: ok == 1, source: Program2, destination: 40deg Water)
Tue Sep 24 14:39:21 2019 - Transition was added (name: , condition: filled  == 1, source: 40deg Water, destination: 1400RPM)
Tue Sep 24 14:40:23 2019 - Transition was updated (name: , condition: cycles == 72000, source: 1200RPM, destination: FINISHED)
Tue Sep 24 14:41:07 2019 - Transition was added (name: , condition: 84000, source: 1400RPM, destination: FINISHED)
Tue Sep 24 14:41:31 2019 - Transition was added (name: , condition: ok == 1, source: Program3, destination: 50deg Water)
Tue Sep 24 14:41:41 2019 - Transition was added (name: , condition: filled == 1, source: 50deg Water, destination: 1400RPM)
Tue Sep 24 14:42:08 2019 - Transition was added (name: , condition: ok == 1, source: Program4, destination: 60deg Water)
Tue Sep 24 14:42:16 2019 - Transition was added (name: , condition: ok == 1, source: Program5, destination: 60deg Water)
Tue Sep 24 14:42:25 2019 - Transition was added (name: , condition: filled == 1, source: 60deg Water, destination: 1600RPM)
Tue Sep 24 14:42:47 2019 - Transition was added (name: , condition: filled == 1, source: 60deg Water, destination: 1400RPM)
Tue Sep 24 14:43:31 2019 - Transition was added (name: , condition: 96000, source: 1600RPM, destination: FINISHED)
Tue Sep 24 14:44:10 2019 - Transition was added (name: , condition: 1 == 1, source: FINISHED, destination: Display Hour)
Tue Sep 24 14:44:29 2019 - Transition was added (name: , condition: ok == 0, source: Display Hour, destination: Idle)
Tue Sep 24 14:49:45 2019 - Transition was added (name: , condition: ok == 1, source: Program1, destination: 40deg_Water)
Tue Sep 24 14:49:53 2019 - Transition was added (name: , condition: ok == 1, source: Program2, destination: 40deg_Water)
Tue Sep 24 14:49:58 2019 - Transition was added (name: , condition: ok == 1, source: Program3, destination: 50deg_Water)
Tue Sep 24 14:50:02 2019 - Transition was added (name: , condition: ok == 1, source: Program4, destination: 60deg_Water)
Tue Sep 24 14:50:08 2019 - Transition was added (name: , condition: ok == 1, source: Program5, destination: 60deg_Water)
Tue Sep 24 14:50:21 2019 - Transition was added (name: , condition: filled == 1, source: 40deg_Water, destination: 1200RPM)
Tue Sep 24 14:50:30 2019 - Transition was added (name: , condition: filled == 1, source: 40deg_Water, destination: 1400RPM)
Tue Sep 24 14:50:36 2019 - Transition was added (name: , condition: filled == 1, source: 50deg_Water, destination: 1400RPM)
Tue Sep 24 14:50:42 2019 - Transition was added (name: , condition: filled == 1, source: 60deg_Water, destination: 1400RPM)
Tue Sep 24 14:50:48 2019 - Transition was added (name: , condition: filled == 1, source: 60deg_Water, destination: 1600RPM)
Tue Sep 24 14:54:18 2019 - Transition was updated (name: , condition: filled == 1, source: 40deg_Water, destination: 1200RPM)
Tue Sep 24 14:54:25 2019 - Transition was updated (name: , condition: filled == 1, source: 40deg_Water, destination: 1400RPM)
Tue Sep 24 14:54:31 2019 - Transition was updated (name: , condition: filled == 1, source: 50deg_Water, destination: 1400RPM)
Tue Sep 24 14:54:38 2019 - Transition was updated (name: , condition: filled == 1, source: 60deg_Water, destination: 1400RPM)
Tue Sep 24 14:54:45 2019 - Transition was added (name: , condition: filled == 1, source: 60deg_Water, destination: 1600RPM)
Tue Sep 24 14:54:53 2019 - Transition was updated (name: , condition: filled == 1, source: 60deg_Water, destination: 1600RPM)
Tue Sep 24 14:55:04 2019 - Transition was updated (name: , condition: cycles == 72000, source: 1200RPM, destination: FINISHED)
Tue Sep 24 14:55:27 2019 - Transition was updated (name: , condition: cycles == 84000, source: 1400RPM, destination: FINISHED)
Tue Sep 24 14:55:33 2019 - Transition was updated (name: , condition: cycles == 96000, source: 1600RPM, destination: FINISHED)
Tue Sep 24 14:56:58 2019 - Transition was updated (name: , condition: filled  ==  1, source: 40deg_Water, destination: 1200RPM)
Tue Sep 24 14:57:03 2019 - Transition was updated (name: , condition: filled  ==  1, source: 40deg_Water, destination: 1400RPM)
Tue Sep 24 14:57:10 2019 - Transition was updated (name: , condition: filled  ==  1, source: 50deg_Water, destination: 1400RPM)
Tue Sep 24 14:57:16 2019 - Transition was updated (name: , condition: filled  ==  1, source: 60deg_Water, destination: 1400RPM)
Tue Sep 24 14:57:22 2019 - Transition was updated (name: , condition: filled  ==  1, source: 60deg_Water, destination: 1600RPM)
Tue Sep 24 14:57:30 2019 - Transition was updated (name: , condition: cycles  ==  72000, source: 1200RPM, destination: FINISHED)
Tue Sep 24 14:57:35 2019 - Transition was updated (name: , condition: cycles  ==  84000, source: 1400RPM, destination: FINISHED)
Tue Sep 24 14:57:41 2019 - Transition was updated (name: , condition: cycles  ==  96000, source: 1600RPM, destination: FINISHED)
Tue Sep 24 14:57:58 2019 - Transition was updated (name: , condition: finish  ==  1, source: FINISHED, destination: Display_Hour)
Tue Sep 24 16:58:33 2019 - Transition was updated (name: , condition: button  ==  1, source: 40deg_Water, destination: 1200RPM)
Tue Sep 24 16:58:45 2019 - Transition was updated (name: , condition: button  ==  2, source: 40deg_Water, destination: 1400RPM)
Tue Sep 24 16:58:53 2019 - Transition was updated (name: , condition: button == 3, source: 50deg_Water, destination: 1400RPM)
Tue Sep 24 16:59:02 2019 - Transition was updated (name: , condition: button == 4, source: 60deg_Water, destination: 1400RPM)
Tue Sep 24 16:59:16 2019 - Transition was updated (name: , condition: button == 5, source: 60deg_Water, destination: 1600RPM)
Tue Sep 24 17:02:03 2019 - Transition was added (name: , condition: x == 1, source: 40deg_Water, destination: 1200RPM)
Tue Sep 24 17:02:14 2019 - Transition was updated (name: , condition: button  ==  1 && x == 1, source: 40deg_Water, destination: 1200RPM)
Tue Sep 24 17:04:54 2019 - Transition was updated (name: , condition: button  ==  1, source: 40deg_Water, destination: 1200RPM)
Tue Sep 24 17:05:02 2019 - Transition was updated (name: , condition: button == 4 && x == 1, source: 60deg_Water, destination: 1400RPM)
Tue Sep 24 17:19:26 2019 - Saved as WashingMachine.xml
Tue Sep 24 17:19:30 2019 - Truncate STM
Tue Sep 24 17:19:30 2019 - Imported treeNice.xml
Tue Sep 24 17:19:32 2019 - Truncate STM
Tue Sep 24 17:19:32 2019 - Imported WashingMachine.xml
Tue Sep 24 17:46:06 2019 - Truncate STM
Tue Sep 24 17:46:06 2019 - Imported treeNoice.xml
Mon Sep 30 08:10:57 2019 - Truncate STM
Mon Sep 30 08:10:57 2019 - Imported WashingMachine.xml
Mon Sep 30 10:50:07 2019 - State was added (name: s1)
Mon Sep 30 10:50:14 2019 - State was deleted (name: s1)
Mon Sep 30 13:27:10 2019 - Truncate STM
Mon Sep 30 13:32:22 2019 - State was added (name: Marti_8_SCS)
Mon Sep 30 13:32:47 2019 - State was added (name: Marti_10_SCS)
Mon Sep 30 13:33:02 2019 - State was added (name: Marti_12_SCS)
Mon Sep 30 13:33:44 2019 - State was added (name: Marti_8_AI)
Mon Sep 30 13:33:55 2019 - State was added (name: Marti_10_SE)
Mon Sep 30 13:34:07 2019 - State was added (name: Marti_12_FP)
Mon Sep 30 13:34:19 2019 - State was added (name: Marti_8_SE)
Mon Sep 30 13:34:36 2019 - State was added (name: Marti_10_FP)
Mon Sep 30 13:34:49 2019 - State was added (name: Marti_12_AI)
Mon Sep 30 13:35:25 2019 - State was added (name: Marti_8_FP)
Mon Sep 30 13:35:43 2019 - State was added (name: Marti_10_AI)
Mon Sep 30 13:36:01 2019 - State was added (name: Marti_12_SE)
Mon Sep 30 13:36:13 2019 - State was added (name: Marti_14_FP)
Mon Sep 30 13:37:13 2019 - State was added (name: Marti_18_FP)
Mon Sep 30 13:39:39 2019 - State was deleted (name: Marti_18_FP)
Mon Sep 30 13:39:40 2019 - State was deleted (name: Marti_14_FP)
Mon Sep 30 13:39:40 2019 - State was deleted (name: Marti_12_SE)
Mon Sep 30 13:39:41 2019 - State was deleted (name: Marti_10_AI)
Mon Sep 30 13:39:41 2019 - State was deleted (name: Marti_8_FP)
Mon Sep 30 13:39:42 2019 - State was deleted (name: Marti_8_SE)
Mon Sep 30 13:39:42 2019 - State was deleted (name: Marti_10_FP)
Mon Sep 30 13:39:43 2019 - State was deleted (name: Marti_12_AI)
Mon Sep 30 13:39:43 2019 - State was deleted (name: Marti_12_FP)
Mon Sep 30 13:39:43 2019 - State was deleted (name: Marti_10_SE)
Mon Sep 30 13:39:44 2019 - State was deleted (name: Marti_8_AI)
Mon Sep 30 13:39:44 2019 - State was deleted (name: Marti_8_SCS)
Mon Sep 30 13:39:45 2019 - State was deleted (name: Marti_10_SCS)
Mon Sep 30 13:39:45 2019 - State was deleted (name: Marti_12_SCS)
Mon Sep 30 13:39:53 2019 - State was added (name: scs)
Mon Sep 30 13:40:05 2019 - State was added (name: ai)
Mon Sep 30 13:40:08 2019 - State was added (name: se)
Mon Sep 30 13:40:12 2019 - State was added (name: fp)
Mon Sep 30 13:40:43 2019 - State was added (name: gp)
Mon Sep 30 13:40:47 2019 - State was added (name: dmp)
Mon Sep 30 13:41:24 2019 - State was added (name: scs2)
Mon Sep 30 13:42:12 2019 - Transition was added (name: , condition: t == 1, source: scs, destination: scs2)
Mon Sep 30 13:42:22 2019 - Transition was added (name: , condition: t == 1, source: scs2, destination: scs)
Mon Sep 30 13:42:33 2019 - Transition was added (name: , condition: t == 1, source: scs2, destination: fp)
Mon Sep 30 13:42:41 2019 - Transition was added (name: , condition: t == 1, source: ai, destination: scs2)
Mon Sep 30 13:43:18 2019 - Transition was added (name: , condition: t == 1, source: ai, destination: se)
Mon Sep 30 13:43:26 2019 - Transition was added (name: , condition: t == 1, source: se, destination: fp)
Mon Sep 30 13:43:38 2019 - Transition was added (name: , condition: t == 1, source: fp, destination: ai)
Mon Sep 30 13:43:54 2019 - Transition was added (name: , condition: t == 1, source: scs2, destination: ai)
Mon Sep 30 13:44:14 2019 - Transition was added (name: , condition: t == 1, source: se, destination: ai)
Mon Sep 30 13:44:29 2019 - Transition was added (name: , condition: t == 1, source: ai, destination: fp)
Mon Sep 30 13:44:57 2019 - Transition was added (name: , condition: t == 1, source: fp, destination: scs2)
Mon Sep 30 13:47:17 2019 - Transition was added (name: , condition: t == 1, source: scs2, destination: se)
Mon Sep 30 13:47:35 2019 - Transition was added (name: , condition: t == 1, source: se, destination: scs2)
Mon Sep 30 14:57:26 2019 - Truncate STM
Mon Sep 30 14:57:26 2019 - Imported WashingMachine.xml
Tue Oct 01 14:56:47 2019 - Saved as WashingMachine.xml
Tue Oct 01 14:57:02 2019 - Saved as WashingMachine2.xml
Tue Oct 01 15:01:28 2019 - Saved as WashingMachine.xml
Tue Oct 01 15:01:59 2019 - Saved as WashingMachine.xml
Tue Oct 01 15:02:40 2019 - Saved as WashingMachine.xml
Tue Oct 01 15:02:46 2019 - Saved as WashingMachine.xml
Tue Oct 01 15:02:51 2019 - Truncate STM
Tue Oct 01 15:02:51 2019 - Imported WashingMachine.xml
Tue Oct 01 17:10:23 2019 - Transition was updated (name: , condition: button == 1 && run == 1, source: Idle, destination: Program1)
Tue Oct 01 17:10:26 2019 - Transition was updated (name: , condition: button == 2 && run == 1, source: Idle, destination: Program2)
Tue Oct 01 17:10:30 2019 - Transition was updated (name: t978.482000113, condition: button == 3 && run == 1, source: Idle, destination: Program3)
Tue Oct 01 17:10:40 2019 - Transition was updated (name: , condition: button == 3 && run == 1, source: Idle, destination: Program3)
Tue Oct 01 17:10:44 2019 - Transition was updated (name: , condition: button == 4 && run == 1, source: Idle, destination: Program4)
Tue Oct 01 17:10:48 2019 - Transition was updated (name: , condition: button == 5 && run == 1, source: Idle, destination: Program5)
Tue Oct 01 17:10:51 2019 - Transition was updated (name: , condition: run == 0, source: Display_Hour, destination: Idle)
Tue Oct 01 17:10:55 2019 - Transition was updated (name: , condition: run == 0, source: Idle, destination: Display_Hour)
Tue Oct 01 17:11:00 2019 - Transition was updated (name: , condition: run == 1, source: Program2, destination: 40deg_Water)
Tue Oct 01 17:11:03 2019 - Transition was updated (name: , condition: run == 1, source: Program1, destination: 40deg_Water)
Tue Oct 01 17:11:06 2019 - Transition was updated (name: , condition: run == 1, source: Program3, destination: 50deg_Water)
Tue Oct 01 17:11:09 2019 - Transition was updated (name: , condition: run == 1, source: Program4, destination: 60deg_Water)
Tue Oct 01 17:11:13 2019 - Transition was updated (name: , condition: run == 1, source: Program5, destination: 60deg_Water)
Tue Oct 01 17:11:16 2019 - Transition was updated (name: , condition: finish == 1, source: FINISHED, destination: Display_Hour)
Tue Oct 01 17:11:20 2019 - Transition was updated (name: , condition: button == 1, source: 40deg_Water, destination: 1200RPM)
Tue Oct 01 17:11:23 2019 - Transition was updated (name: , condition: button == 2, source: 40deg_Water, destination: 1400RPM)
Tue Oct 01 17:11:28 2019 - Transition was updated (name: , condition: button == 3, source: 50deg_Water, destination: 1400RPM)
Tue Oct 01 17:11:32 2019 - Transition was updated (name: , condition: button ==4 && x==1, source: 60deg_Water, destination: 1400RPM)
Tue Oct 01 17:11:35 2019 - Transition was updated (name: , condition: button == 5, source: 60deg_Water, destination: 1600RPM)
Tue Oct 01 17:11:39 2019 - Transition was updated (name: , condition: cycles == 72000, source: 1200RPM, destination: FINISHED)
Tue Oct 01 17:11:43 2019 - Transition was updated (name: , condition: cycles == 84000, source: 1400RPM, destination: FINISHED)
Tue Oct 01 17:11:47 2019 - Transition was updated (name: , condition: cycles == 96000, source: 1600RPM, destination: FINISHED)
Tue Oct 01 17:11:59 2019 - Saved as WashingMachine.xml
Tue Oct 01 17:12:12 2019 - State was added (name: s1)
Tue Oct 01 17:12:14 2019 - State was added (name: s2)
Tue Oct 01 17:12:20 2019 - Transition was added (name: , condition: asd, source: s2, destination: s1)
Tue Oct 01 17:12:40 2019 - Transition was deleted (source: s2, destination: s1)
Tue Oct 01 17:12:44 2019 - State was deleted (name: s1)
Tue Oct 01 17:12:45 2019 - State was deleted (name: s2)
Tue Oct 01 17:12:57 2019 - Transition was updated (name: , condition: button ==4, source: 60deg_Water, destination: 1400RPM)
Tue Oct 01 17:19:21 2019 - Transition was updated (name: , condition: finish == 1, source: FINISHED, destination: Display_Hour)
Wed Oct 02 16:21:30 2019 - Truncate STM
Wed Oct 02 16:21:34 2019 - State was added (name: s1)
Wed Oct 02 16:21:37 2019 - State was added (name: s2)
Wed Oct 02 16:21:55 2019 - Transition was added (name: t1, condition: x==1, source: s1, destination: s2)
Wed Oct 02 18:27:02 2019 - State was deleted (name: s1)
Wed Oct 02 18:27:02 2019 - Transition was deleted (source: s1, destination: s2)
Wed Oct 02 18:27:02 2019 - State was deleted (name: s2)
Wed Oct 02 18:27:17 2019 - State was added (name: Prestart)
Wed Oct 02 18:27:49 2019 - State was added (name: Startup\nCheck the system)
Wed Oct 02 18:27:58 2019 - State was deleted (name: Startup\nCheck the system)
Wed Oct 02 18:28:31 2019 - State was added (name: Startup(Check))
Wed Oct 02 18:28:50 2019 - State was deleted (name: Startup(Check))
Wed Oct 02 18:28:57 2019 - State was added (name: Startup)
Wed Oct 02 18:29:05 2019 - State was added (name: Heatup)
Wed Oct 02 18:29:14 2019 - State was added (name: Running)
Wed Oct 02 18:29:24 2019 - State was added (name: Error)
Wed Oct 02 18:29:41 2019 - State was added (name: Pre-shutdown)
Wed Oct 02 18:29:53 2019 - State was added (name: Shutdown)
Wed Oct 02 18:31:07 2019 - Transition was added (name: , condition: key_inside == 1, source: Prestart, destination: Startup)
Wed Oct 02 18:31:48 2019 - Transition was updated (name: KeyCheck, condition: key_inside == 1, source: Prestart, destination: Startup)
Wed Oct 02 18:32:17 2019 - Transition was added (name: temp < 35, condition: TempCheck, source: Startup, destination: Heatup)
Wed Oct 02 18:32:30 2019 - Transition was updated (name: TempCheck, condition: temp < 35, source: Startup, destination: Heatup)
Wed Oct 02 18:32:56 2019 - Transition was added (name: TempCheck2, condition: temp > 60, source: Heatup, destination: Running)
Wed Oct 02 18:33:22 2019 - Transition was added (name: TempCheck, condition: temp > 60, source: Startup, destination: Running)
Wed Oct 02 18:33:56 2019 - Transition was added (name: ErrCheck, condition: err == 1, source: Running, destination: Error)
Wed Oct 02 18:34:11 2019 - Transition was added (name: ErrCheck, condition: err == 0, source: Running, destination: Pre-shutdown)
Wed Oct 02 18:34:51 2019 - Transition was added (name: HardError, condition: type == 1, source: Error, destination: Shutdown)
Wed Oct 02 18:35:05 2019 - Transition was added (name: SoftError, condition: type == 2, source: Error, destination: Pre-shutdown)
Wed Oct 02 18:36:50 2019 - Transition was added (name: ErrCheck, condition: err == 0, source: Pre-shutdown, destination: Shutdown)
Wed Oct 02 18:38:10 2019 - Transition was updated (name: SystemCheck, condition: sys_working == 1, source: Prestart, destination: Startup)
Wed Oct 02 18:38:29 2019 - Transition was added (name: KeyCheck, condition: key_inside == 1, source: Shutdown, destination: Prestart)
Wed Oct 02 18:40:54 2019 - Transition was updated (name: SystemCheck, condition: x == 1, source: Prestart, destination: Startup)
Wed Oct 02 18:41:13 2019 - Transition was updated (name: SystemCheck, condition: sys_working == 1, source: Prestart, destination: Startup)
Wed Oct 02 18:54:35 2019 - Transition was updated (name: SystemCheck, condition: x == 1, source: Prestart, destination: Startup)
Wed Oct 02 18:55:04 2019 - Transition was updated (name: SystemCheck, condition: sys_working == 1, source: Prestart, destination: Startup)
Thu Oct 03 13:53:55 2019 - Saved as FCCU_Car.xml
Fri Oct 04 10:58:30 2019 - Truncate STM
Fri Oct 04 10:58:30 2019 - Imported treeNoice.xml
Fri Oct 04 21:15:59 2019 - Truncate STM
Fri Oct 04 21:16:18 2019 - State was added (name: sasu)
Fri Oct 04 21:16:34 2019 - State was added (name: suge)
Fri Oct 04 21:16:55 2019 - State was added (name: benisul)
Fri Oct 04 21:17:46 2019 - Transition was added (name: CASCAVAL, condition: i > 10, source: sasu, destination: suge)
Fri Oct 04 21:18:42 2019 - Truncate STM
Fri Oct 04 21:18:42 2019 - Imported treeNoice.xml
Mon Oct 14 10:36:03 2019 - Truncate STM
Mon Oct 14 10:36:07 2019 - State was added (name: s1)
Mon Oct 14 10:36:11 2019 - State was added (name: s2)
Mon Oct 14 10:36:14 2019 - State was added (name: s3)
Mon Oct 14 10:36:16 2019 - State was added (name: s4)
Mon Oct 14 10:36:33 2019 - Transition was added (name: t1, condition: x == 1, source: s1, destination: s3)
Mon Oct 14 10:36:45 2019 - Transition was added (name: t2, condition: x2 == 1, source: s3, destination: s4)
Mon Oct 14 10:36:54 2019 - Transition was added (name: t3, condition: x3 == 1, source: s4, destination: s2)
Mon Oct 14 10:37:04 2019 - Transition was added (name: t4, condition: x4 == 1, source: s2, destination: s1)
Mon Oct 14 10:37:45 2019 - Transition was updated (name: t3, condition: x2 == 1, source: s4, destination: s2)
Mon Oct 14 10:38:56 2019 - Truncate STM
Mon Oct 14 10:38:56 2019 - Imported WashingMachine.xml
Mon Oct 14 10:40:01 2019 - Truncate STM
Mon Oct 14 10:40:05 2019 - State was added (name: s1)
Mon Oct 14 10:40:07 2019 - State was added (name: s2)
Mon Oct 14 10:40:10 2019 - State was added (name: s3)
Mon Oct 14 10:40:21 2019 - Transition was added (name: t1, condition: x == 1, source: s1, destination: s2)
Mon Oct 14 10:40:29 2019 - Transition was added (name: t2, condition: x == 2, source: s2, destination: s3)
Mon Oct 14 10:40:37 2019 - Transition was added (name: t3, condition: x == 3, source: s3, destination: s1)
Mon Oct 14 10:40:56 2019 - State was added (name: s4)
Mon Oct 14 10:41:01 2019 - Transition was deleted (source: s3, destination: s1)
Mon Oct 14 10:41:08 2019 - Transition was added (name: t3, condition: x == 3, source: s3, destination: s4)
Mon Oct 14 10:41:16 2019 - Transition was added (name: t4, condition: x == 4, source: s4, destination: s1)
Mon Oct 14 10:41:42 2019 - Transition was updated (name: t4, condition: x4 == 4, source: s4, destination: s1)
Mon Oct 14 10:41:47 2019 - Transition was updated (name: t1, condition: x1 == 1, source: s1, destination: s2)
Mon Oct 14 10:41:51 2019 - Transition was updated (name: t2, condition: x2 == 2, source: s2, destination: s3)
Mon Oct 14 10:41:55 2019 - Transition was updated (name: t3, condition: x3 == 3, source: s3, destination: s4)
Mon Oct 14 10:42:23 2019 - Truncate STM
Mon Oct 14 10:42:27 2019 - State was added (name: s1)
Mon Oct 14 10:42:29 2019 - State was added (name: s2)
Mon Oct 14 10:42:32 2019 - State was added (name: s3)
Mon Oct 14 10:42:35 2019 - State was added (name: s4)
Mon Oct 14 10:42:43 2019 - Transition was added (name: , condition: i1 == 1, source: s1, destination: s2)
Mon Oct 14 10:42:50 2019 - Transition was added (name: , condition: i2 == 1, source: s2, destination: s3)
Mon Oct 14 10:42:56 2019 - Transition was added (name: , condition: i3 == 1, source: s3, destination: s4)
Mon Oct 14 10:43:02 2019 - Transition was added (name: , condition: i4 == 1, source: s4, destination: s1)
Mon Oct 14 10:43:15 2019 - Truncate STM
Mon Oct 14 10:43:20 2019 - State was added (name: s1)
Mon Oct 14 10:43:22 2019 - State was added (name: s2)
Mon Oct 14 10:43:25 2019 - State was added (name: s3)
Mon Oct 14 10:43:28 2019 - State was added (name: s4)
Mon Oct 14 10:43:37 2019 - Transition was added (name: , condition: x1 == 1, source: s1, destination: s2)
Mon Oct 14 10:43:46 2019 - Transition was added (name: , condition: x2 == 1, source: s2, destination: s3)
Mon Oct 14 10:43:54 2019 - Transition was added (name: , condition: x3 == 1, source: s3, destination: s4)
Mon Oct 14 10:44:00 2019 - Transition was added (name: , condition: x4 == 1, source: s4, destination: s1)
Mon Oct 14 10:44:09 2019 - Truncate STM
Mon Oct 14 10:46:29 2019 - State was added (name: s1)
Mon Oct 14 10:46:31 2019 - State was added (name: s2)
Mon Oct 14 10:46:34 2019 - State was added (name: s3)
Mon Oct 14 10:46:37 2019 - State was added (name: s4)
Mon Oct 14 10:46:44 2019 - Transition was added (name: , condition: i1 == 1, source: s1, destination: s2)
Mon Oct 14 10:46:54 2019 - Transition was added (name: , condition: i2 == 1, source: s2, destination: s3)
Mon Oct 14 10:46:59 2019 - Transition was added (name: , condition: i3 == 1, source: s3, destination: s4)
Mon Oct 14 10:47:05 2019 - Transition was added (name: , condition: i4 == 1, source: s4, destination: s1)
Mon Oct 14 10:47:24 2019 - Transition was updated (name: t472, condition: i4 ==1, source: s4, destination: s1)
Mon Oct 14 10:47:36 2019 - Transition was updated (name: t472, condition: i4==1, source: s4, destination: s1)
Mon Oct 14 10:47:56 2019 - State was deleted (name: s3)
Mon Oct 14 10:47:56 2019 - Transition was deleted (source: s2, destination: s3)
Mon Oct 14 10:47:56 2019 - Transition was deleted (source: s3, destination: s4)
Mon Oct 14 10:48:07 2019 - State was deleted (name: s2)
Mon Oct 14 10:48:07 2019 - Transition was deleted (source: s1, destination: s2)
Mon Oct 14 10:48:08 2019 - State was deleted (name: s4)
Mon Oct 14 10:48:08 2019 - Transition was deleted (source: s4, destination: s1)
Mon Oct 14 10:48:09 2019 - State was deleted (name: s1)
Mon Oct 14 10:49:00 2019 - State was added (name: s1)
Mon Oct 14 10:49:03 2019 - State was added (name: s2)
Mon Oct 14 10:49:06 2019 - State was added (name: s3)
Mon Oct 14 10:49:09 2019 - State was added (name: s4)
Mon Oct 14 10:49:17 2019 - Transition was added (name: , condition: i1 == 1, source: s1, destination: s2)
Mon Oct 14 10:49:23 2019 - Transition was added (name: , condition: i2 == 1, source: s2, destination: s3)
Mon Oct 14 10:49:30 2019 - Transition was added (name: , condition: i3 == 1, source: s3, destination: s4)
Mon Oct 14 10:49:36 2019 - Transition was added (name: , condition: i4 == 1, source: s4, destination: s1)
Mon Oct 14 10:49:49 2019 - Truncate STM
Mon Oct 14 10:49:57 2019 - Truncate STM
Mon Oct 14 10:49:57 2019 - Imported treeNoice.xml
Mon Oct 14 17:14:28 2019 - Truncate STM
Mon Oct 14 17:14:28 2019 - Imported WashingMachine2.xml
Mon Oct 14 17:19:00 2019 - Truncate STM
Mon Oct 14 17:37:06 2019 - Truncate STM
Mon Oct 14 17:37:06 2019 - Imported WashingMachine2.xml
Mon Oct 14 18:04:54 2019 - State was added (name: Progra1212)
Mon Oct 14 18:05:51 2019 - Truncate STM
Mon Oct 14 18:05:51 2019 - Imported WashingMachine2.xml
Mon Oct 14 18:12:16 2019 - State was added (name: s1)
Mon Oct 14 18:12:26 2019 - State was deleted (name: s1)
Mon Oct 14 18:32:25 2019 - Truncate STM
Mon Oct 14 18:32:31 2019 - State was added (name: s1)
Mon Oct 14 18:32:36 2019 - State was added (name: s2)
Mon Oct 14 18:32:52 2019 - Transition was added (name: t1, condition: x == 1, source: s1, destination: s2)
Mon Oct 14 18:33:37 2019 - Truncate STM
Mon Oct 14 18:33:37 2019 - Imported treeNoice.xml
Mon Oct 14 18:40:39 2019 - State was deleted (name: s18)
Mon Oct 14 18:40:39 2019 - Transition was deleted (source: s16, destination: s18)
Mon Oct 14 18:40:39 2019 - Transition was deleted (source: s18, destination: s1)
Mon Oct 14 18:41:23 2019 - Truncate STM
Mon Oct 14 18:41:23 2019 - Imported treeNoice.xml
Fri Nov 29 11:16:37 2019 - Truncate STM
Fri Nov 29 11:16:37 2019 - Imported treeNice.xml
Fri Jan 10 17:02:16 2020 - Truncate STM
Fri Jan 10 17:02:16 2020 - Imported WashingMachine.xml
